Starting serial experiment for 20 runs with 100000000 steps/guesses.
Threads (OMP_NUM_THREADS): 1
--- Run 1/20 ---
The first 10 digits of Pi are 3.1415926535
Time to calculate Pi serially with 100000000 steps is: 0.292478
Pi is 3.1415926536
Time to calculate Pi in // with 100000000 steps is: 0.293861
Pi is 3.1415926536
Time to calculate Pi in // with 100000000 guesses is: 1.26307
Pi is 3.1416164000
--- Run 2/20 ---
The first 10 digits of Pi are 3.1415926535
Time to calculate Pi serially with 100000000 steps is: 0.2927
Pi is 3.1415926536
Time to calculate Pi in // with 100000000 steps is: 0.292394
Pi is 3.1415926536
Time to calculate Pi in // with 100000000 guesses is: 1.26928
Pi is 3.1416046800
--- Run 3/20 ---
The first 10 digits of Pi are 3.1415926535
Time to calculate Pi serially with 100000000 steps is: 0.292598
Pi is 3.1415926536
Time to calculate Pi in // with 100000000 steps is: 0.299519
Pi is 3.1415926536
Time to calculate Pi in // with 100000000 guesses is: 1.25917
Pi is 3.1415624400
--- Run 4/20 ---
The first 10 digits of Pi are 3.1415926535
Time to calculate Pi serially with 100000000 steps is: 0.292829
Pi is 3.1415926536
Time to calculate Pi in // with 100000000 steps is: 0.292487
Pi is 3.1415926536
Time to calculate Pi in // with 100000000 guesses is: 1.26305
Pi is 3.1415800000
--- Run 5/20 ---
The first 10 digits of Pi are 3.1415926535
Time to calculate Pi serially with 100000000 steps is: 0.292857
Pi is 3.1415926536
Time to calculate Pi in // with 100000000 steps is: 0.294173
Pi is 3.1415926536
Time to calculate Pi in // with 100000000 guesses is: 1.26783
Pi is 3.1416729600
--- Run 6/20 ---
The first 10 digits of Pi are 3.1415926535
Time to calculate Pi serially with 100000000 steps is: 0.292719
Pi is 3.1415926536
Time to calculate Pi in // with 100000000 steps is: 0.292778
Pi is 3.1415926536
Time to calculate Pi in // with 100000000 guesses is: 1.26258
Pi is 3.1415758000
--- Run 7/20 ---
The first 10 digits of Pi are 3.1415926535
Time to calculate Pi serially with 100000000 steps is: 0.292483
Pi is 3.1415926536
Time to calculate Pi in // with 100000000 steps is: 0.292513
Pi is 3.1415926536
Time to calculate Pi in // with 100000000 guesses is: 1.26877
Pi is 3.1415777600
--- Run 8/20 ---
The first 10 digits of Pi are 3.1415926535
Time to calculate Pi serially with 100000000 steps is: 0.292675
Pi is 3.1415926536
Time to calculate Pi in // with 100000000 steps is: 0.292691
Pi is 3.1415926536
Time to calculate Pi in // with 100000000 guesses is: 1.25238
Pi is 3.1415587200
--- Run 9/20 ---
The first 10 digits of Pi are 3.1415926535
Time to calculate Pi serially with 100000000 steps is: 0.292633
Pi is 3.1415926536
Time to calculate Pi in // with 100000000 steps is: 0.292559
Pi is 3.1415926536
Time to calculate Pi in // with 100000000 guesses is: 1.264
Pi is 3.1416476400
--- Run 10/20 ---
The first 10 digits of Pi are 3.1415926535
Time to calculate Pi serially with 100000000 steps is: 0.292856
Pi is 3.1415926536
Time to calculate Pi in // with 100000000 steps is: 0.292453
Pi is 3.1415926536
Time to calculate Pi in // with 100000000 guesses is: 1.25265
Pi is 3.1415830800
--- Run 11/20 ---
The first 10 digits of Pi are 3.1415926535
Time to calculate Pi serially with 100000000 steps is: 0.296311
Pi is 3.1415926536
Time to calculate Pi in // with 100000000 steps is: 0.297018
Pi is 3.1415926536
Time to calculate Pi in // with 100000000 guesses is: 1.25252
Pi is 3.1415722000
--- Run 12/20 ---
The first 10 digits of Pi are 3.1415926535
Time to calculate Pi serially with 100000000 steps is: 0.292436
Pi is 3.1415926536
Time to calculate Pi in // with 100000000 steps is: 0.292615
Pi is 3.1415926536
Time to calculate Pi in // with 100000000 guesses is: 1.25303
Pi is 3.1416640400
--- Run 13/20 ---
The first 10 digits of Pi are 3.1415926535
Time to calculate Pi serially with 100000000 steps is: 0.292438
Pi is 3.1415926536
Time to calculate Pi in // with 100000000 steps is: 0.297338
Pi is 3.1415926536
Time to calculate Pi in // with 100000000 guesses is: 1.26287
Pi is 3.1416623200
--- Run 14/20 ---
The first 10 digits of Pi are 3.1415926535
Time to calculate Pi serially with 100000000 steps is: 0.300681
Pi is 3.1415926536
Time to calculate Pi in // with 100000000 steps is: 0.297981
Pi is 3.1415926536
Time to calculate Pi in // with 100000000 guesses is: 1.25583
Pi is 3.1415781200
--- Run 15/20 ---
The first 10 digits of Pi are 3.1415926535
Time to calculate Pi serially with 100000000 steps is: 0.293044
Pi is 3.1415926536
Time to calculate Pi in // with 100000000 steps is: 0.292213
Pi is 3.1415926536
Time to calculate Pi in // with 100000000 guesses is: 1.26561
Pi is 3.1416228000
--- Run 16/20 ---
The first 10 digits of Pi are 3.1415926535
Time to calculate Pi serially with 100000000 steps is: 0.292522
Pi is 3.1415926536
Time to calculate Pi in // with 100000000 steps is: 0.292398
Pi is 3.1415926536
Time to calculate Pi in // with 100000000 guesses is: 1.27383
Pi is 3.1415059200
--- Run 17/20 ---
The first 10 digits of Pi are 3.1415926535
Time to calculate Pi serially with 100000000 steps is: 0.29308
Pi is 3.1415926536
Time to calculate Pi in // with 100000000 steps is: 0.292595
Pi is 3.1415926536
Time to calculate Pi in // with 100000000 guesses is: 1.25192
Pi is 3.1416728800
--- Run 18/20 ---
The first 10 digits of Pi are 3.1415926535
Time to calculate Pi serially with 100000000 steps is: 0.292741
Pi is 3.1415926536
Time to calculate Pi in // with 100000000 steps is: 0.292498
Pi is 3.1415926536
Time to calculate Pi in // with 100000000 guesses is: 1.26565
Pi is 3.1415447600
--- Run 19/20 ---
The first 10 digits of Pi are 3.1415926535
Time to calculate Pi serially with 100000000 steps is: 0.292703
Pi is 3.1415926536
Time to calculate Pi in // with 100000000 steps is: 0.292389
Pi is 3.1415926536
Time to calculate Pi in // with 100000000 guesses is: 1.25363
Pi is 3.1415516800
--- Run 20/20 ---
The first 10 digits of Pi are 3.1415926535
Time to calculate Pi serially with 100000000 steps is: 0.298895
Pi is 3.1415926536
Time to calculate Pi in // with 100000000 steps is: 0.293548
Pi is 3.1415926536
Time to calculate Pi in // with 100000000 guesses is: 1.2526
Pi is 3.1414836800
