Starting serial experiment for 20 runs with 100000000 steps/guesses.
Threads (OMP_NUM_THREADS): 16
--- Run 1/20 ---
The first 10 digits of Pi are 3.1415926535
Time to calculate Pi serially with 100000000 steps is: 0.303438
Pi is 3.1415926536
Time to calculate Pi in // with 100000000 steps is: 0.0218872
Pi is 3.1415926536
--- Run 2/20 ---
The first 10 digits of Pi are 3.1415926535
Time to calculate Pi serially with 100000000 steps is: 0.299868
Pi is 3.1415926536
Time to calculate Pi in // with 100000000 steps is: 0.0225831
Pi is 3.1415926536
--- Run 3/20 ---
The first 10 digits of Pi are 3.1415926535
Time to calculate Pi serially with 100000000 steps is: 0.292724
Pi is 3.1415926536
Time to calculate Pi in // with 100000000 steps is: 0.0190939
Pi is 3.1415926536
--- Run 4/20 ---
The first 10 digits of Pi are 3.1415926535
Time to calculate Pi serially with 100000000 steps is: 0.292532
Pi is 3.1415926536
Time to calculate Pi in // with 100000000 steps is: 0.0196472
Pi is 3.1415926536
--- Run 5/20 ---
The first 10 digits of Pi are 3.1415926535
Time to calculate Pi serially with 100000000 steps is: 0.295
Pi is 3.1415926536
Time to calculate Pi in // with 100000000 steps is: 0.020087
Pi is 3.1415926536
--- Run 6/20 ---
The first 10 digits of Pi are 3.1415926535
Time to calculate Pi serially with 100000000 steps is: 0.292246
Pi is 3.1415926536
Time to calculate Pi in // with 100000000 steps is: 0.0193679
Pi is 3.1415926536
--- Run 7/20 ---
The first 10 digits of Pi are 3.1415926535
Time to calculate Pi serially with 100000000 steps is: 0.292464
Pi is 3.1415926536
Time to calculate Pi in // with 100000000 steps is: 0.0206592
Pi is 3.1415926536
--- Run 8/20 ---
The first 10 digits of Pi are 3.1415926535
Time to calculate Pi serially with 100000000 steps is: 0.292603
Pi is 3.1415926536
Time to calculate Pi in // with 100000000 steps is: 0.0196966
Pi is 3.1415926536
--- Run 9/20 ---
The first 10 digits of Pi are 3.1415926535
Time to calculate Pi serially with 100000000 steps is: 0.307473
Pi is 3.1415926536
Time to calculate Pi in // with 100000000 steps is: 0.0211819
Pi is 3.1415926536
--- Run 10/20 ---
The first 10 digits of Pi are 3.1415926535
Time to calculate Pi serially with 100000000 steps is: 0.301796
Pi is 3.1415926536
Time to calculate Pi in // with 100000000 steps is: 0.0202922
Pi is 3.1415926536
--- Run 11/20 ---
The first 10 digits of Pi are 3.1415926535
Time to calculate Pi serially with 100000000 steps is: 0.292409
Pi is 3.1415926536
Time to calculate Pi in // with 100000000 steps is: 0.0191581
Pi is 3.1415926536
--- Run 12/20 ---
The first 10 digits of Pi are 3.1415926535
Time to calculate Pi serially with 100000000 steps is: 0.292554
Pi is 3.1415926536
Time to calculate Pi in // with 100000000 steps is: 0.019296
Pi is 3.1415926536
--- Run 13/20 ---
The first 10 digits of Pi are 3.1415926535
Time to calculate Pi serially with 100000000 steps is: 0.292595
Pi is 3.1415926536
Time to calculate Pi in // with 100000000 steps is: 0.0192677
Pi is 3.1415926536
--- Run 14/20 ---
The first 10 digits of Pi are 3.1415926535
Time to calculate Pi serially with 100000000 steps is: 0.302929
Pi is 3.1415926536
Time to calculate Pi in // with 100000000 steps is: 0.0213188
Pi is 3.1415926536
--- Run 15/20 ---
The first 10 digits of Pi are 3.1415926535
Time to calculate Pi serially with 100000000 steps is: 0.310427
Pi is 3.1415926536
Time to calculate Pi in // with 100000000 steps is: 0.0219316
Pi is 3.1415926536
--- Run 16/20 ---
The first 10 digits of Pi are 3.1415926535
Time to calculate Pi serially with 100000000 steps is: 0.292505
Pi is 3.1415926536
Time to calculate Pi in // with 100000000 steps is: 0.0193509
Pi is 3.1415926536
--- Run 17/20 ---
The first 10 digits of Pi are 3.1415926535
Time to calculate Pi serially with 100000000 steps is: 0.296569
Pi is 3.1415926536
Time to calculate Pi in // with 100000000 steps is: 0.019527
Pi is 3.1415926536
--- Run 18/20 ---
The first 10 digits of Pi are 3.1415926535
Time to calculate Pi serially with 100000000 steps is: 0.293429
Pi is 3.1415926536
Time to calculate Pi in // with 100000000 steps is: 0.0194221
Pi is 3.1415926536
--- Run 19/20 ---
The first 10 digits of Pi are 3.1415926535
Time to calculate Pi serially with 100000000 steps is: 0.305093
Pi is 3.1415926536
Time to calculate Pi in // with 100000000 steps is: 0.0222219
Pi is 3.1415926536
--- Run 20/20 ---
The first 10 digits of Pi are 3.1415926535
Time to calculate Pi serially with 100000000 steps is: 0.311558
Pi is 3.1415926536
Time to calculate Pi in // with 100000000 steps is: 0.0215382
Pi is 3.1415926536
