Starting serial experiment for 20 runs with 100000000 steps/guesses.
Threads (OMP_NUM_THREADS): 128
--- Run 1/20 ---
The first 10 digits of Pi are 3.1415926535
Time to calculate Pi serially with 100000000 steps is: 0.293071
Pi is 3.1415926536
Time to calculate Pi in // with 100000000 steps is: 0.00726391
Pi is 3.1415926536
--- Run 2/20 ---
The first 10 digits of Pi are 3.1415926535
Time to calculate Pi serially with 100000000 steps is: 0.292913
Pi is 3.1415926536
Time to calculate Pi in // with 100000000 steps is: 0.00736086
Pi is 3.1415926536
--- Run 3/20 ---
The first 10 digits of Pi are 3.1415926535
Time to calculate Pi serially with 100000000 steps is: 0.293142
Pi is 3.1415926536
Time to calculate Pi in // with 100000000 steps is: 0.00723982
Pi is 3.1415926536
--- Run 4/20 ---
The first 10 digits of Pi are 3.1415926535
Time to calculate Pi serially with 100000000 steps is: 0.293619
Pi is 3.1415926536
Time to calculate Pi in // with 100000000 steps is: 0.00741566
Pi is 3.1415926536
--- Run 5/20 ---
The first 10 digits of Pi are 3.1415926535
Time to calculate Pi serially with 100000000 steps is: 0.293461
Pi is 3.1415926536
Time to calculate Pi in // with 100000000 steps is: 0.00709851
Pi is 3.1415926536
--- Run 6/20 ---
The first 10 digits of Pi are 3.1415926535
Time to calculate Pi serially with 100000000 steps is: 0.293157
Pi is 3.1415926536
Time to calculate Pi in // with 100000000 steps is: 0.00947945
Pi is 3.1415926536
--- Run 7/20 ---
The first 10 digits of Pi are 3.1415926535
Time to calculate Pi serially with 100000000 steps is: 0.293291
Pi is 3.1415926536
Time to calculate Pi in // with 100000000 steps is: 0.00742588
Pi is 3.1415926536
--- Run 8/20 ---
The first 10 digits of Pi are 3.1415926535
Time to calculate Pi serially with 100000000 steps is: 0.293315
Pi is 3.1415926536
Time to calculate Pi in // with 100000000 steps is: 0.00711752
Pi is 3.1415926536
--- Run 9/20 ---
The first 10 digits of Pi are 3.1415926535
Time to calculate Pi serially with 100000000 steps is: 0.293068
Pi is 3.1415926536
Time to calculate Pi in // with 100000000 steps is: 0.00717013
Pi is 3.1415926536
--- Run 10/20 ---
The first 10 digits of Pi are 3.1415926535
Time to calculate Pi serially with 100000000 steps is: 0.293008
Pi is 3.1415926536
Time to calculate Pi in // with 100000000 steps is: 0.00703387
Pi is 3.1415926536
--- Run 11/20 ---
The first 10 digits of Pi are 3.1415926535
Time to calculate Pi serially with 100000000 steps is: 0.293146
Pi is 3.1415926536
Time to calculate Pi in // with 100000000 steps is: 0.0073765
Pi is 3.1415926536
--- Run 12/20 ---
The first 10 digits of Pi are 3.1415926535
Time to calculate Pi serially with 100000000 steps is: 0.293494
Pi is 3.1415926536
Time to calculate Pi in // with 100000000 steps is: 0.00695713
Pi is 3.1415926536
--- Run 13/20 ---
The first 10 digits of Pi are 3.1415926535
Time to calculate Pi serially with 100000000 steps is: 0.293197
Pi is 3.1415926536
Time to calculate Pi in // with 100000000 steps is: 0.0069789
Pi is 3.1415926536
--- Run 14/20 ---
The first 10 digits of Pi are 3.1415926535
Time to calculate Pi serially with 100000000 steps is: 0.29298
Pi is 3.1415926536
Time to calculate Pi in // with 100000000 steps is: 0.00711086
Pi is 3.1415926536
--- Run 15/20 ---
The first 10 digits of Pi are 3.1415926535
Time to calculate Pi serially with 100000000 steps is: 0.293377
Pi is 3.1415926536
Time to calculate Pi in // with 100000000 steps is: 0.00708076
Pi is 3.1415926536
--- Run 16/20 ---
The first 10 digits of Pi are 3.1415926535
Time to calculate Pi serially with 100000000 steps is: 0.293203
Pi is 3.1415926536
Time to calculate Pi in // with 100000000 steps is: 0.00692613
Pi is 3.1415926536
--- Run 17/20 ---
The first 10 digits of Pi are 3.1415926535
Time to calculate Pi serially with 100000000 steps is: 0.292522
Pi is 3.1415926536
Time to calculate Pi in // with 100000000 steps is: 0.00730176
Pi is 3.1415926536
--- Run 18/20 ---
The first 10 digits of Pi are 3.1415926535
Time to calculate Pi serially with 100000000 steps is: 0.293341
Pi is 3.1415926536
Time to calculate Pi in // with 100000000 steps is: 0.00681478
Pi is 3.1415926536
--- Run 19/20 ---
The first 10 digits of Pi are 3.1415926535
Time to calculate Pi serially with 100000000 steps is: 0.293046
Pi is 3.1415926536
Time to calculate Pi in // with 100000000 steps is: 0.00705715
Pi is 3.1415926536
--- Run 20/20 ---
The first 10 digits of Pi are 3.1415926535
Time to calculate Pi serially with 100000000 steps is: 0.292704
Pi is 3.1415926536
Time to calculate Pi in // with 100000000 steps is: 0.00726476
Pi is 3.1415926536
