Starting serial experiment for 20 runs with 100000000 steps/guesses.
Threads (OMP_NUM_THREADS): 4
--- Run 1/20 ---
The first 10 digits of Pi are 3.1415926535
Time to calculate Pi serially with 100000000 steps is: 0.292211
Pi is 3.1415926536
Time to calculate Pi in // with 100000000 steps is: 0.0739904
Pi is 3.1415926536
--- Run 2/20 ---
The first 10 digits of Pi are 3.1415926535
Time to calculate Pi serially with 100000000 steps is: 0.293588
Pi is 3.1415926536
Time to calculate Pi in // with 100000000 steps is: 0.0738317
Pi is 3.1415926536
--- Run 3/20 ---
The first 10 digits of Pi are 3.1415926535
Time to calculate Pi serially with 100000000 steps is: 0.292449
Pi is 3.1415926536
Time to calculate Pi in // with 100000000 steps is: 0.0736365
Pi is 3.1415926536
--- Run 4/20 ---
The first 10 digits of Pi are 3.1415926535
Time to calculate Pi serially with 100000000 steps is: 0.302337
Pi is 3.1415926536
Time to calculate Pi in // with 100000000 steps is: 0.0760959
Pi is 3.1415926536
--- Run 5/20 ---
The first 10 digits of Pi are 3.1415926535
Time to calculate Pi serially with 100000000 steps is: 0.2953
Pi is 3.1415926536
Time to calculate Pi in // with 100000000 steps is: 0.076162
Pi is 3.1415926536
--- Run 6/20 ---
The first 10 digits of Pi are 3.1415926535
Time to calculate Pi serially with 100000000 steps is: 0.292434
Pi is 3.1415926536
Time to calculate Pi in // with 100000000 steps is: 0.0757741
Pi is 3.1415926536
--- Run 7/20 ---
The first 10 digits of Pi are 3.1415926535
Time to calculate Pi serially with 100000000 steps is: 0.299754
Pi is 3.1415926536
Time to calculate Pi in // with 100000000 steps is: 0.0797938
Pi is 3.1415926536
--- Run 8/20 ---
The first 10 digits of Pi are 3.1415926535
Time to calculate Pi serially with 100000000 steps is: 0.292507
Pi is 3.1415926536
Time to calculate Pi in // with 100000000 steps is: 0.0737672
Pi is 3.1415926536
--- Run 9/20 ---
The first 10 digits of Pi are 3.1415926535
Time to calculate Pi serially with 100000000 steps is: 0.296455
Pi is 3.1415926536
Time to calculate Pi in // with 100000000 steps is: 0.0749912
Pi is 3.1415926536
--- Run 10/20 ---
The first 10 digits of Pi are 3.1415926535
Time to calculate Pi serially with 100000000 steps is: 0.294877
Pi is 3.1415926536
Time to calculate Pi in // with 100000000 steps is: 0.0734158
Pi is 3.1415926536
--- Run 11/20 ---
The first 10 digits of Pi are 3.1415926535
Time to calculate Pi serially with 100000000 steps is: 0.307303
Pi is 3.1415926536
Time to calculate Pi in // with 100000000 steps is: 0.0781993
Pi is 3.1415926536
--- Run 12/20 ---
The first 10 digits of Pi are 3.1415926535
Time to calculate Pi serially with 100000000 steps is: 0.304858
Pi is 3.1415926536
Time to calculate Pi in // with 100000000 steps is: 0.0751322
Pi is 3.1415926536
--- Run 13/20 ---
The first 10 digits of Pi are 3.1415926535
Time to calculate Pi serially with 100000000 steps is: 0.292284
Pi is 3.1415926536
Time to calculate Pi in // with 100000000 steps is: 0.0735709
Pi is 3.1415926536
--- Run 14/20 ---
The first 10 digits of Pi are 3.1415926535
Time to calculate Pi serially with 100000000 steps is: 0.292662
Pi is 3.1415926536
Time to calculate Pi in // with 100000000 steps is: 0.0758186
Pi is 3.1415926536
--- Run 15/20 ---
The first 10 digits of Pi are 3.1415926535
Time to calculate Pi serially with 100000000 steps is: 0.292365
Pi is 3.1415926536
Time to calculate Pi in // with 100000000 steps is: 0.0738873
Pi is 3.1415926536
--- Run 16/20 ---
The first 10 digits of Pi are 3.1415926535
Time to calculate Pi serially with 100000000 steps is: 0.29625
Pi is 3.1415926536
Time to calculate Pi in // with 100000000 steps is: 0.075759
Pi is 3.1415926536
--- Run 17/20 ---
The first 10 digits of Pi are 3.1415926535
Time to calculate Pi serially with 100000000 steps is: 0.299838
Pi is 3.1415926536
Time to calculate Pi in // with 100000000 steps is: 0.0758676
Pi is 3.1415926536
--- Run 18/20 ---
The first 10 digits of Pi are 3.1415926535
Time to calculate Pi serially with 100000000 steps is: 0.292324
Pi is 3.1415926536
Time to calculate Pi in // with 100000000 steps is: 0.0735095
Pi is 3.1415926536
--- Run 19/20 ---
The first 10 digits of Pi are 3.1415926535
Time to calculate Pi serially with 100000000 steps is: 0.294354
Pi is 3.1415926536
Time to calculate Pi in // with 100000000 steps is: 0.075741
Pi is 3.1415926536
--- Run 20/20 ---
The first 10 digits of Pi are 3.1415926535
Time to calculate Pi serially with 100000000 steps is: 0.292494
Pi is 3.1415926536
Time to calculate Pi in // with 100000000 steps is: 0.0735586
Pi is 3.1415926536
