Starting serial experiment for 20 runs with 100000000 steps/guesses.
Threads (OMP_NUM_THREADS): 4
--- Run 1/20 ---
The first 10 digits of Pi are 3.1415926535
Time to calculate Pi serially with 100000000 steps is: 0.292224
Pi is 3.1415926536
Time to calculate Pi in // with 100000000 steps is: 0.073504
Pi is 3.1415926536
--- Run 2/20 ---
The first 10 digits of Pi are 3.1415926535
Time to calculate Pi serially with 100000000 steps is: 0.292144
Pi is 3.1415926536
Time to calculate Pi in // with 100000000 steps is: 0.0734258
Pi is 3.1415926536
--- Run 3/20 ---
The first 10 digits of Pi are 3.1415926535
Time to calculate Pi serially with 100000000 steps is: 0.29207
Pi is 3.1415926536
Time to calculate Pi in // with 100000000 steps is: 0.0733598
Pi is 3.1415926536
--- Run 4/20 ---
The first 10 digits of Pi are 3.1415926535
Time to calculate Pi serially with 100000000 steps is: 0.292125
Pi is 3.1415926536
Time to calculate Pi in // with 100000000 steps is: 0.0734131
Pi is 3.1415926536
--- Run 5/20 ---
The first 10 digits of Pi are 3.1415926535
Time to calculate Pi serially with 100000000 steps is: 0.292084
Pi is 3.1415926536
Time to calculate Pi in // with 100000000 steps is: 0.0733865
Pi is 3.1415926536
--- Run 6/20 ---
The first 10 digits of Pi are 3.1415926535
Time to calculate Pi serially with 100000000 steps is: 0.292213
Pi is 3.1415926536
Time to calculate Pi in // with 100000000 steps is: 0.073558
Pi is 3.1415926536
--- Run 7/20 ---
The first 10 digits of Pi are 3.1415926535
Time to calculate Pi serially with 100000000 steps is: 0.292106
Pi is 3.1415926536
Time to calculate Pi in // with 100000000 steps is: 0.0733757
Pi is 3.1415926536
--- Run 8/20 ---
The first 10 digits of Pi are 3.1415926535
Time to calculate Pi serially with 100000000 steps is: 0.292202
Pi is 3.1415926536
Time to calculate Pi in // with 100000000 steps is: 0.0735061
Pi is 3.1415926536
--- Run 9/20 ---
The first 10 digits of Pi are 3.1415926535
Time to calculate Pi serially with 100000000 steps is: 0.292189
Pi is 3.1415926536
Time to calculate Pi in // with 100000000 steps is: 0.0734121
Pi is 3.1415926536
--- Run 10/20 ---
The first 10 digits of Pi are 3.1415926535
Time to calculate Pi serially with 100000000 steps is: 0.292137
Pi is 3.1415926536
Time to calculate Pi in // with 100000000 steps is: 0.0733874
Pi is 3.1415926536
--- Run 11/20 ---
The first 10 digits of Pi are 3.1415926535
Time to calculate Pi serially with 100000000 steps is: 0.292157
Pi is 3.1415926536
Time to calculate Pi in // with 100000000 steps is: 0.0734291
Pi is 3.1415926536
--- Run 12/20 ---
The first 10 digits of Pi are 3.1415926535
Time to calculate Pi serially with 100000000 steps is: 0.292303
Pi is 3.1415926536
Time to calculate Pi in // with 100000000 steps is: 0.0733641
Pi is 3.1415926536
--- Run 13/20 ---
The first 10 digits of Pi are 3.1415926535
Time to calculate Pi serially with 100000000 steps is: 0.292174
Pi is 3.1415926536
Time to calculate Pi in // with 100000000 steps is: 0.0734849
Pi is 3.1415926536
--- Run 14/20 ---
The first 10 digits of Pi are 3.1415926535
Time to calculate Pi serially with 100000000 steps is: 0.292181
Pi is 3.1415926536
Time to calculate Pi in // with 100000000 steps is: 0.0734312
Pi is 3.1415926536
--- Run 15/20 ---
The first 10 digits of Pi are 3.1415926535
Time to calculate Pi serially with 100000000 steps is: 0.292241
Pi is 3.1415926536
Time to calculate Pi in // with 100000000 steps is: 0.0734467
Pi is 3.1415926536
--- Run 16/20 ---
The first 10 digits of Pi are 3.1415926535
Time to calculate Pi serially with 100000000 steps is: 0.292222
Pi is 3.1415926536
Time to calculate Pi in // with 100000000 steps is: 0.0734794
Pi is 3.1415926536
--- Run 17/20 ---
The first 10 digits of Pi are 3.1415926535
Time to calculate Pi serially with 100000000 steps is: 0.292222
Pi is 3.1415926536
Time to calculate Pi in // with 100000000 steps is: 0.0734467
Pi is 3.1415926536
--- Run 18/20 ---
The first 10 digits of Pi are 3.1415926535
Time to calculate Pi serially with 100000000 steps is: 0.292253
Pi is 3.1415926536
Time to calculate Pi in // with 100000000 steps is: 0.0735277
Pi is 3.1415926536
--- Run 19/20 ---
The first 10 digits of Pi are 3.1415926535
Time to calculate Pi serially with 100000000 steps is: 0.292177
Pi is 3.1415926536
Time to calculate Pi in // with 100000000 steps is: 0.0734289
Pi is 3.1415926536
--- Run 20/20 ---
The first 10 digits of Pi are 3.1415926535
Time to calculate Pi serially with 100000000 steps is: 0.292236
Pi is 3.1415926536
Time to calculate Pi in // with 100000000 steps is: 0.0732745
Pi is 3.1415926536
