Starting serial experiment for 20 runs with 100000000 steps/guesses.
Threads (OMP_NUM_THREADS): 4
--- Run 1/20 ---
The first 10 digits of Pi are 3.1415926535
Time to calculate Pi serially with 100000000 steps is: 0.292456
Pi is 3.1415926536
Time to calculate Pi in // with 100000000 steps is: 0.0734399
Pi is 3.1415926536
Time to calculate Pi in // with 100000000 guesses is: 0.313514
Pi is 3.1417838000
--- Run 2/20 ---
The first 10 digits of Pi are 3.1415926535
Time to calculate Pi serially with 100000000 steps is: 0.292577
Pi is 3.1415926536
Time to calculate Pi in // with 100000000 steps is: 0.0734329
Pi is 3.1415926536
Time to calculate Pi in // with 100000000 guesses is: 0.313551
Pi is 3.1418138800
--- Run 3/20 ---
The first 10 digits of Pi are 3.1415926535
Time to calculate Pi serially with 100000000 steps is: 0.2925
Pi is 3.1415926536
Time to calculate Pi in // with 100000000 steps is: 0.073488
Pi is 3.1415926536
Time to calculate Pi in // with 100000000 guesses is: 0.313388
Pi is 3.1415966000
--- Run 4/20 ---
The first 10 digits of Pi are 3.1415926535
Time to calculate Pi serially with 100000000 steps is: 0.292477
Pi is 3.1415926536
Time to calculate Pi in // with 100000000 steps is: 0.0735236
Pi is 3.1415926536
Time to calculate Pi in // with 100000000 guesses is: 0.313453
Pi is 3.1416676800
--- Run 5/20 ---
The first 10 digits of Pi are 3.1415926535
Time to calculate Pi serially with 100000000 steps is: 0.292496
Pi is 3.1415926536
Time to calculate Pi in // with 100000000 steps is: 0.0733265
Pi is 3.1415926536
Time to calculate Pi in // with 100000000 guesses is: 0.313268
Pi is 3.1418408800
--- Run 6/20 ---
The first 10 digits of Pi are 3.1415926535
Time to calculate Pi serially with 100000000 steps is: 0.292426
Pi is 3.1415926536
Time to calculate Pi in // with 100000000 steps is: 0.0734373
Pi is 3.1415926536
Time to calculate Pi in // with 100000000 guesses is: 0.313393
Pi is 3.1417258400
--- Run 7/20 ---
The first 10 digits of Pi are 3.1415926535
Time to calculate Pi serially with 100000000 steps is: 0.292487
Pi is 3.1415926536
Time to calculate Pi in // with 100000000 steps is: 0.0734782
Pi is 3.1415926536
Time to calculate Pi in // with 100000000 guesses is: 0.313247
Pi is 3.1414622400
--- Run 8/20 ---
The first 10 digits of Pi are 3.1415926535
Time to calculate Pi serially with 100000000 steps is: 0.292332
Pi is 3.1415926536
Time to calculate Pi in // with 100000000 steps is: 0.0733569
Pi is 3.1415926536
Time to calculate Pi in // with 100000000 guesses is: 0.313621
Pi is 3.1413604400
--- Run 9/20 ---
The first 10 digits of Pi are 3.1415926535
Time to calculate Pi serially with 100000000 steps is: 0.292732
Pi is 3.1415926536
Time to calculate Pi in // with 100000000 steps is: 0.0735233
Pi is 3.1415926536
Time to calculate Pi in // with 100000000 guesses is: 0.313387
Pi is 3.1413376400
--- Run 10/20 ---
The first 10 digits of Pi are 3.1415926535
Time to calculate Pi serially with 100000000 steps is: 0.292301
Pi is 3.1415926536
Time to calculate Pi in // with 100000000 steps is: 0.073396
Pi is 3.1415926536
Time to calculate Pi in // with 100000000 guesses is: 0.313657
Pi is 3.1414576800
--- Run 11/20 ---
The first 10 digits of Pi are 3.1415926535
Time to calculate Pi serially with 100000000 steps is: 0.292376
Pi is 3.1415926536
Time to calculate Pi in // with 100000000 steps is: 0.0734346
Pi is 3.1415926536
Time to calculate Pi in // with 100000000 guesses is: 0.31341
Pi is 3.1414664400
--- Run 12/20 ---
The first 10 digits of Pi are 3.1415926535
Time to calculate Pi serially with 100000000 steps is: 0.29241
Pi is 3.1415926536
Time to calculate Pi in // with 100000000 steps is: 0.0733929
Pi is 3.1415926536
Time to calculate Pi in // with 100000000 guesses is: 0.313546
Pi is 3.1416223200
--- Run 13/20 ---
The first 10 digits of Pi are 3.1415926535
Time to calculate Pi serially with 100000000 steps is: 0.292375
Pi is 3.1415926536
Time to calculate Pi in // with 100000000 steps is: 0.0735966
Pi is 3.1415926536
Time to calculate Pi in // with 100000000 guesses is: 0.313325
Pi is 3.1415441200
--- Run 14/20 ---
The first 10 digits of Pi are 3.1415926535
Time to calculate Pi serially with 100000000 steps is: 0.292384
Pi is 3.1415926536
Time to calculate Pi in // with 100000000 steps is: 0.0734174
Pi is 3.1415926536
Time to calculate Pi in // with 100000000 guesses is: 0.31329
Pi is 3.1415324800
--- Run 15/20 ---
The first 10 digits of Pi are 3.1415926535
Time to calculate Pi serially with 100000000 steps is: 0.292638
Pi is 3.1415926536
Time to calculate Pi in // with 100000000 steps is: 0.073513
Pi is 3.1415926536
Time to calculate Pi in // with 100000000 guesses is: 0.313304
Pi is 3.1415597600
--- Run 16/20 ---
The first 10 digits of Pi are 3.1415926535
Time to calculate Pi serially with 100000000 steps is: 0.292324
Pi is 3.1415926536
Time to calculate Pi in // with 100000000 steps is: 0.0733716
Pi is 3.1415926536
Time to calculate Pi in // with 100000000 guesses is: 0.313422
Pi is 3.1414669200
--- Run 17/20 ---
The first 10 digits of Pi are 3.1415926535
Time to calculate Pi serially with 100000000 steps is: 0.292447
Pi is 3.1415926536
Time to calculate Pi in // with 100000000 steps is: 0.0734183
Pi is 3.1415926536
Time to calculate Pi in // with 100000000 guesses is: 0.313278
Pi is 3.1413964800
--- Run 18/20 ---
The first 10 digits of Pi are 3.1415926535
Time to calculate Pi serially with 100000000 steps is: 0.29234
Pi is 3.1415926536
Time to calculate Pi in // with 100000000 steps is: 0.0740318
Pi is 3.1415926536
Time to calculate Pi in // with 100000000 guesses is: 0.313303
Pi is 3.1414451600
--- Run 19/20 ---
The first 10 digits of Pi are 3.1415926535
Time to calculate Pi serially with 100000000 steps is: 0.292366
Pi is 3.1415926536
Time to calculate Pi in // with 100000000 steps is: 0.0734507
Pi is 3.1415926536
Time to calculate Pi in // with 100000000 guesses is: 0.313388
Pi is 3.1417043200
--- Run 20/20 ---
The first 10 digits of Pi are 3.1415926535
Time to calculate Pi serially with 100000000 steps is: 0.292325
Pi is 3.1415926536
Time to calculate Pi in // with 100000000 steps is: 0.073366
Pi is 3.1415926536
Time to calculate Pi in // with 100000000 guesses is: 0.313286
Pi is 3.1415602800
