Starting serial experiment for 20 runs with 100000000 steps/guesses.
Threads (OMP_NUM_THREADS): 1
--- Run 1/20 ---
The first 10 digits of Pi are 3.1415926535
Time to calculate Pi serially with 100000000 steps is: 0.292223
Pi is 3.1415926536
Time to calculate Pi in // with 100000000 steps is: 0.292004
Pi is 3.1415926536
--- Run 2/20 ---
The first 10 digits of Pi are 3.1415926535
Time to calculate Pi serially with 100000000 steps is: 0.29211
Pi is 3.1415926536
Time to calculate Pi in // with 100000000 steps is: 0.292014
Pi is 3.1415926536
--- Run 3/20 ---
The first 10 digits of Pi are 3.1415926535
Time to calculate Pi serially with 100000000 steps is: 0.292209
Pi is 3.1415926536
Time to calculate Pi in // with 100000000 steps is: 0.292003
Pi is 3.1415926536
--- Run 4/20 ---
The first 10 digits of Pi are 3.1415926535
Time to calculate Pi serially with 100000000 steps is: 0.292238
Pi is 3.1415926536
Time to calculate Pi in // with 100000000 steps is: 0.292113
Pi is 3.1415926536
--- Run 5/20 ---
The first 10 digits of Pi are 3.1415926535
Time to calculate Pi serially with 100000000 steps is: 0.29238
Pi is 3.1415926536
Time to calculate Pi in // with 100000000 steps is: 0.29204
Pi is 3.1415926536
--- Run 6/20 ---
The first 10 digits of Pi are 3.1415926535
Time to calculate Pi serially with 100000000 steps is: 0.292164
Pi is 3.1415926536
Time to calculate Pi in // with 100000000 steps is: 0.292013
Pi is 3.1415926536
--- Run 7/20 ---
The first 10 digits of Pi are 3.1415926535
Time to calculate Pi serially with 100000000 steps is: 0.292272
Pi is 3.1415926536
Time to calculate Pi in // with 100000000 steps is: 0.292114
Pi is 3.1415926536
--- Run 8/20 ---
The first 10 digits of Pi are 3.1415926535
Time to calculate Pi serially with 100000000 steps is: 0.292221
Pi is 3.1415926536
Time to calculate Pi in // with 100000000 steps is: 0.291966
Pi is 3.1415926536
--- Run 9/20 ---
The first 10 digits of Pi are 3.1415926535
Time to calculate Pi serially with 100000000 steps is: 0.292214
Pi is 3.1415926536
Time to calculate Pi in // with 100000000 steps is: 0.292108
Pi is 3.1415926536
--- Run 10/20 ---
The first 10 digits of Pi are 3.1415926535
Time to calculate Pi serially with 100000000 steps is: 0.292248
Pi is 3.1415926536
Time to calculate Pi in // with 100000000 steps is: 0.292002
Pi is 3.1415926536
--- Run 11/20 ---
The first 10 digits of Pi are 3.1415926535
Time to calculate Pi serially with 100000000 steps is: 0.292197
Pi is 3.1415926536
Time to calculate Pi in // with 100000000 steps is: 0.29221
Pi is 3.1415926536
--- Run 12/20 ---
The first 10 digits of Pi are 3.1415926535
Time to calculate Pi serially with 100000000 steps is: 0.29227
Pi is 3.1415926536
Time to calculate Pi in // with 100000000 steps is: 0.292041
Pi is 3.1415926536
--- Run 13/20 ---
The first 10 digits of Pi are 3.1415926535
Time to calculate Pi serially with 100000000 steps is: 0.292094
Pi is 3.1415926536
Time to calculate Pi in // with 100000000 steps is: 0.291979
Pi is 3.1415926536
--- Run 14/20 ---
The first 10 digits of Pi are 3.1415926535
Time to calculate Pi serially with 100000000 steps is: 0.292187
Pi is 3.1415926536
Time to calculate Pi in // with 100000000 steps is: 0.292121
Pi is 3.1415926536
--- Run 15/20 ---
The first 10 digits of Pi are 3.1415926535
Time to calculate Pi serially with 100000000 steps is: 0.292269
Pi is 3.1415926536
Time to calculate Pi in // with 100000000 steps is: 0.292001
Pi is 3.1415926536
--- Run 16/20 ---
The first 10 digits of Pi are 3.1415926535
Time to calculate Pi serially with 100000000 steps is: 0.292291
Pi is 3.1415926536
Time to calculate Pi in // with 100000000 steps is: 0.292009
Pi is 3.1415926536
--- Run 17/20 ---
The first 10 digits of Pi are 3.1415926535
Time to calculate Pi serially with 100000000 steps is: 0.292131
Pi is 3.1415926536
Time to calculate Pi in // with 100000000 steps is: 0.292011
Pi is 3.1415926536
--- Run 18/20 ---
The first 10 digits of Pi are 3.1415926535
Time to calculate Pi serially with 100000000 steps is: 0.292092
Pi is 3.1415926536
Time to calculate Pi in // with 100000000 steps is: 0.29205
Pi is 3.1415926536
--- Run 19/20 ---
The first 10 digits of Pi are 3.1415926535
Time to calculate Pi serially with 100000000 steps is: 0.292216
Pi is 3.1415926536
Time to calculate Pi in // with 100000000 steps is: 0.293275
Pi is 3.1415926536
--- Run 20/20 ---
The first 10 digits of Pi are 3.1415926535
Time to calculate Pi serially with 100000000 steps is: 0.292623
Pi is 3.1415926536
Time to calculate Pi in // with 100000000 steps is: 0.291991
Pi is 3.1415926536
