Starting serial experiment for 20 runs with 100000000 steps/guesses.
Threads (OMP_NUM_THREADS): 1
--- Run 1/20 ---
The first 10 digits of Pi are 3.1415926535
Time to calculate Pi serially with 100000000 steps is: 0.308807
Pi is 3.1415926536
Time to calculate Pi in // with 100000000 steps is: 0.293036
Pi is 3.1415926536
--- Run 2/20 ---
The first 10 digits of Pi are 3.1415926535
Time to calculate Pi serially with 100000000 steps is: 0.292401
Pi is 3.1415926536
Time to calculate Pi in // with 100000000 steps is: 0.297797
Pi is 3.1415926536
--- Run 3/20 ---
The first 10 digits of Pi are 3.1415926535
Time to calculate Pi serially with 100000000 steps is: 0.308683
Pi is 3.1415926536
Time to calculate Pi in // with 100000000 steps is: 0.297721
Pi is 3.1415926536
--- Run 4/20 ---
The first 10 digits of Pi are 3.1415926535
Time to calculate Pi serially with 100000000 steps is: 0.292434
Pi is 3.1415926536
Time to calculate Pi in // with 100000000 steps is: 0.29219
Pi is 3.1415926536
--- Run 5/20 ---
The first 10 digits of Pi are 3.1415926535
Time to calculate Pi serially with 100000000 steps is: 0.29667
Pi is 3.1415926536
Time to calculate Pi in // with 100000000 steps is: 0.30853
Pi is 3.1415926536
--- Run 6/20 ---
The first 10 digits of Pi are 3.1415926535
Time to calculate Pi serially with 100000000 steps is: 0.292293
Pi is 3.1415926536
Time to calculate Pi in // with 100000000 steps is: 0.292301
Pi is 3.1415926536
--- Run 7/20 ---
The first 10 digits of Pi are 3.1415926535
Time to calculate Pi serially with 100000000 steps is: 0.293465
Pi is 3.1415926536
Time to calculate Pi in // with 100000000 steps is: 0.307569
Pi is 3.1415926536
--- Run 8/20 ---
The first 10 digits of Pi are 3.1415926535
Time to calculate Pi serially with 100000000 steps is: 0.292619
Pi is 3.1415926536
Time to calculate Pi in // with 100000000 steps is: 0.292379
Pi is 3.1415926536
--- Run 9/20 ---
The first 10 digits of Pi are 3.1415926535
Time to calculate Pi serially with 100000000 steps is: 0.293281
Pi is 3.1415926536
Time to calculate Pi in // with 100000000 steps is: 0.303653
Pi is 3.1415926536
--- Run 10/20 ---
The first 10 digits of Pi are 3.1415926535
Time to calculate Pi serially with 100000000 steps is: 0.292378
Pi is 3.1415926536
Time to calculate Pi in // with 100000000 steps is: 0.292222
Pi is 3.1415926536
--- Run 11/20 ---
The first 10 digits of Pi are 3.1415926535
Time to calculate Pi serially with 100000000 steps is: 0.292436
Pi is 3.1415926536
Time to calculate Pi in // with 100000000 steps is: 0.297964
Pi is 3.1415926536
--- Run 12/20 ---
The first 10 digits of Pi are 3.1415926535
Time to calculate Pi serially with 100000000 steps is: 0.292457
Pi is 3.1415926536
Time to calculate Pi in // with 100000000 steps is: 0.292263
Pi is 3.1415926536
--- Run 13/20 ---
The first 10 digits of Pi are 3.1415926535
Time to calculate Pi serially with 100000000 steps is: 0.294043
Pi is 3.1415926536
Time to calculate Pi in // with 100000000 steps is: 0.293164
Pi is 3.1415926536
--- Run 14/20 ---
The first 10 digits of Pi are 3.1415926535
Time to calculate Pi serially with 100000000 steps is: 0.292657
Pi is 3.1415926536
Time to calculate Pi in // with 100000000 steps is: 0.292247
Pi is 3.1415926536
--- Run 15/20 ---
The first 10 digits of Pi are 3.1415926535
Time to calculate Pi serially with 100000000 steps is: 0.292422
Pi is 3.1415926536
Time to calculate Pi in // with 100000000 steps is: 0.292346
Pi is 3.1415926536
--- Run 16/20 ---
The first 10 digits of Pi are 3.1415926535
Time to calculate Pi serially with 100000000 steps is: 0.292355
Pi is 3.1415926536
Time to calculate Pi in // with 100000000 steps is: 0.29222
Pi is 3.1415926536
--- Run 17/20 ---
The first 10 digits of Pi are 3.1415926535
Time to calculate Pi serially with 100000000 steps is: 0.292626
Pi is 3.1415926536
Time to calculate Pi in // with 100000000 steps is: 0.293257
Pi is 3.1415926536
--- Run 18/20 ---
The first 10 digits of Pi are 3.1415926535
Time to calculate Pi serially with 100000000 steps is: 0.292346
Pi is 3.1415926536
Time to calculate Pi in // with 100000000 steps is: 0.292262
Pi is 3.1415926536
--- Run 19/20 ---
The first 10 digits of Pi are 3.1415926535
Time to calculate Pi serially with 100000000 steps is: 0.298211
Pi is 3.1415926536
Time to calculate Pi in // with 100000000 steps is: 0.29235
Pi is 3.1415926536
--- Run 20/20 ---
The first 10 digits of Pi are 3.1415926535
Time to calculate Pi serially with 100000000 steps is: 0.293526
Pi is 3.1415926536
Time to calculate Pi in // with 100000000 steps is: 0.29275
Pi is 3.1415926536
