Starting serial experiment for 20 runs with 100000000 steps/guesses.
Threads (OMP_NUM_THREADS): 16
--- Run 1/20 ---
The first 10 digits of Pi are 3.1415926535
Time to calculate Pi serially with 100000000 steps is: 0.292279
Pi is 3.1415926536
Time to calculate Pi in // with 100000000 steps is: 0.0193297
Pi is 3.1415926536
Time to calculate Pi in // with 100000000 guesses is: 0.0784397
Pi is 3.1415746800
--- Run 2/20 ---
The first 10 digits of Pi are 3.1415926535
Time to calculate Pi serially with 100000000 steps is: 0.292228
Pi is 3.1415926536
Time to calculate Pi in // with 100000000 steps is: 0.019377
Pi is 3.1415926536
Time to calculate Pi in // with 100000000 guesses is: 0.0784145
Pi is 3.1416007600
--- Run 3/20 ---
The first 10 digits of Pi are 3.1415926535
Time to calculate Pi serially with 100000000 steps is: 0.292272
Pi is 3.1415926536
Time to calculate Pi in // with 100000000 steps is: 0.0193129
Pi is 3.1415926536
Time to calculate Pi in // with 100000000 guesses is: 0.0783815
Pi is 3.1414931600
--- Run 4/20 ---
The first 10 digits of Pi are 3.1415926535
Time to calculate Pi serially with 100000000 steps is: 0.2921
Pi is 3.1415926536
Time to calculate Pi in // with 100000000 steps is: 0.0191668
Pi is 3.1415926536
Time to calculate Pi in // with 100000000 guesses is: 0.0784418
Pi is 3.1414915200
--- Run 5/20 ---
The first 10 digits of Pi are 3.1415926535
Time to calculate Pi serially with 100000000 steps is: 0.292241
Pi is 3.1415926536
Time to calculate Pi in // with 100000000 steps is: 0.0193328
Pi is 3.1415926536
Time to calculate Pi in // with 100000000 guesses is: 0.0784178
Pi is 3.1414259200
--- Run 6/20 ---
The first 10 digits of Pi are 3.1415926535
Time to calculate Pi serially with 100000000 steps is: 0.29215
Pi is 3.1415926536
Time to calculate Pi in // with 100000000 steps is: 0.0191228
Pi is 3.1415926536
Time to calculate Pi in // with 100000000 guesses is: 0.0783608
Pi is 3.1414463200
--- Run 7/20 ---
The first 10 digits of Pi are 3.1415926535
Time to calculate Pi serially with 100000000 steps is: 0.292208
Pi is 3.1415926536
Time to calculate Pi in // with 100000000 steps is: 0.0191972
Pi is 3.1415926536
Time to calculate Pi in // with 100000000 guesses is: 0.0784233
Pi is 3.1413979600
--- Run 8/20 ---
The first 10 digits of Pi are 3.1415926535
Time to calculate Pi serially with 100000000 steps is: 0.292192
Pi is 3.1415926536
Time to calculate Pi in // with 100000000 steps is: 0.0191551
Pi is 3.1415926536
Time to calculate Pi in // with 100000000 guesses is: 0.0784246
Pi is 3.1414055200
--- Run 9/20 ---
The first 10 digits of Pi are 3.1415926535
Time to calculate Pi serially with 100000000 steps is: 0.292106
Pi is 3.1415926536
Time to calculate Pi in // with 100000000 steps is: 0.0191163
Pi is 3.1415926536
Time to calculate Pi in // with 100000000 guesses is: 0.0784209
Pi is 3.1413724000
--- Run 10/20 ---
The first 10 digits of Pi are 3.1415926535
Time to calculate Pi serially with 100000000 steps is: 0.292071
Pi is 3.1415926536
Time to calculate Pi in // with 100000000 steps is: 0.0190718
Pi is 3.1415926536
Time to calculate Pi in // with 100000000 guesses is: 0.0784446
Pi is 3.1415781600
--- Run 11/20 ---
The first 10 digits of Pi are 3.1415926535
Time to calculate Pi serially with 100000000 steps is: 0.292122
Pi is 3.1415926536
Time to calculate Pi in // with 100000000 steps is: 0.0192319
Pi is 3.1415926536
Time to calculate Pi in // with 100000000 guesses is: 0.0784704
Pi is 3.1416282800
--- Run 12/20 ---
The first 10 digits of Pi are 3.1415926535
Time to calculate Pi serially with 100000000 steps is: 0.292215
Pi is 3.1415926536
Time to calculate Pi in // with 100000000 steps is: 0.0193029
Pi is 3.1415926536
Time to calculate Pi in // with 100000000 guesses is: 0.0784162
Pi is 3.1416108400
--- Run 13/20 ---
The first 10 digits of Pi are 3.1415926535
Time to calculate Pi serially with 100000000 steps is: 0.292175
Pi is 3.1415926536
Time to calculate Pi in // with 100000000 steps is: 0.0191359
Pi is 3.1415926536
Time to calculate Pi in // with 100000000 guesses is: 0.0784239
Pi is 3.1416374400
--- Run 14/20 ---
The first 10 digits of Pi are 3.1415926535
Time to calculate Pi serially with 100000000 steps is: 0.292344
Pi is 3.1415926536
Time to calculate Pi in // with 100000000 steps is: 0.0191867
Pi is 3.1415926536
Time to calculate Pi in // with 100000000 guesses is: 0.0784285
Pi is 3.1416424000
--- Run 15/20 ---
The first 10 digits of Pi are 3.1415926535
Time to calculate Pi serially with 100000000 steps is: 0.292046
Pi is 3.1415926536
Time to calculate Pi in // with 100000000 steps is: 0.0194239
Pi is 3.1415926536
Time to calculate Pi in // with 100000000 guesses is: 0.0784065
Pi is 3.1415922000
--- Run 16/20 ---
The first 10 digits of Pi are 3.1415926535
Time to calculate Pi serially with 100000000 steps is: 0.292209
Pi is 3.1415926536
Time to calculate Pi in // with 100000000 steps is: 0.0192666
Pi is 3.1415926536
Time to calculate Pi in // with 100000000 guesses is: 0.0784157
Pi is 3.1417198000
--- Run 17/20 ---
The first 10 digits of Pi are 3.1415926535
Time to calculate Pi serially with 100000000 steps is: 0.292182
Pi is 3.1415926536
Time to calculate Pi in // with 100000000 steps is: 0.0190796
Pi is 3.1415926536
Time to calculate Pi in // with 100000000 guesses is: 0.0784208
Pi is 3.1416663200
--- Run 18/20 ---
The first 10 digits of Pi are 3.1415926535
Time to calculate Pi serially with 100000000 steps is: 0.292224
Pi is 3.1415926536
Time to calculate Pi in // with 100000000 steps is: 0.0194691
Pi is 3.1415926536
Time to calculate Pi in // with 100000000 guesses is: 0.0783965
Pi is 3.1415837600
--- Run 19/20 ---
The first 10 digits of Pi are 3.1415926535
Time to calculate Pi serially with 100000000 steps is: 0.292099
Pi is 3.1415926536
Time to calculate Pi in // with 100000000 steps is: 0.0191074
Pi is 3.1415926536
Time to calculate Pi in // with 100000000 guesses is: 0.0784103
Pi is 3.1416025600
--- Run 20/20 ---
The first 10 digits of Pi are 3.1415926535
Time to calculate Pi serially with 100000000 steps is: 0.292053
Pi is 3.1415926536
Time to calculate Pi in // with 100000000 steps is: 0.0192493
Pi is 3.1415926536
Time to calculate Pi in // with 100000000 guesses is: 0.0783963
Pi is 3.1415746000
