Starting serial experiment for 20 runs with 100000000 steps/guesses.
Threads (OMP_NUM_THREADS): 128
--- Run 1/20 ---
The first 10 digits of Pi are 3.1415926535
Time to calculate Pi serially with 100000000 steps is: 0.292501
Pi is 3.1415926536
Time to calculate Pi in // with 100000000 steps is: 0.00754265
Pi is 3.1415926536
Time to calculate Pi in // with 100000000 guesses is: 0.0101175
Pi is 3.1416062400
--- Run 2/20 ---
The first 10 digits of Pi are 3.1415926535
Time to calculate Pi serially with 100000000 steps is: 0.29312
Pi is 3.1415926536
Time to calculate Pi in // with 100000000 steps is: 0.00745365
Pi is 3.1415926536
Time to calculate Pi in // with 100000000 guesses is: 0.0126445
Pi is 3.1416077200
--- Run 3/20 ---
The first 10 digits of Pi are 3.1415926535
Time to calculate Pi serially with 100000000 steps is: 0.292766
Pi is 3.1415926536
Time to calculate Pi in // with 100000000 steps is: 0.00709137
Pi is 3.1415926536
Time to calculate Pi in // with 100000000 guesses is: 0.0102958
Pi is 3.1416711200
--- Run 4/20 ---
The first 10 digits of Pi are 3.1415926535
Time to calculate Pi serially with 100000000 steps is: 0.29281
Pi is 3.1415926536
Time to calculate Pi in // with 100000000 steps is: 0.00760766
Pi is 3.1415926536
Time to calculate Pi in // with 100000000 guesses is: 0.00999373
Pi is 3.1416371600
--- Run 5/20 ---
The first 10 digits of Pi are 3.1415926535
Time to calculate Pi serially with 100000000 steps is: 0.29291
Pi is 3.1415926536
Time to calculate Pi in // with 100000000 steps is: 0.00725779
Pi is 3.1415926536
Time to calculate Pi in // with 100000000 guesses is: 0.0100697
Pi is 3.1416476800
--- Run 6/20 ---
The first 10 digits of Pi are 3.1415926535
Time to calculate Pi serially with 100000000 steps is: 0.293
Pi is 3.1415926536
Time to calculate Pi in // with 100000000 steps is: 0.00712374
Pi is 3.1415926536
Time to calculate Pi in // with 100000000 guesses is: 0.0118014
Pi is 3.1416524800
--- Run 7/20 ---
The first 10 digits of Pi are 3.1415926535
Time to calculate Pi serially with 100000000 steps is: 0.292645
Pi is 3.1415926536
Time to calculate Pi in // with 100000000 steps is: 0.00734073
Pi is 3.1415926536
Time to calculate Pi in // with 100000000 guesses is: 0.0100069
Pi is 3.1416912000
--- Run 8/20 ---
The first 10 digits of Pi are 3.1415926535
Time to calculate Pi serially with 100000000 steps is: 0.292585
Pi is 3.1415926536
Time to calculate Pi in // with 100000000 steps is: 0.00705132
Pi is 3.1415926536
Time to calculate Pi in // with 100000000 guesses is: 0.0119565
Pi is 3.1417064000
--- Run 9/20 ---
The first 10 digits of Pi are 3.1415926535
Time to calculate Pi serially with 100000000 steps is: 0.293053
Pi is 3.1415926536
Time to calculate Pi in // with 100000000 steps is: 0.00708071
Pi is 3.1415926536
Time to calculate Pi in // with 100000000 guesses is: 0.0100103
Pi is 3.1417292000
--- Run 10/20 ---
The first 10 digits of Pi are 3.1415926535
Time to calculate Pi serially with 100000000 steps is: 0.292864
Pi is 3.1415926536
Time to calculate Pi in // with 100000000 steps is: 0.00711371
Pi is 3.1415926536
Time to calculate Pi in // with 100000000 guesses is: 0.011822
Pi is 3.1417349600
--- Run 11/20 ---
The first 10 digits of Pi are 3.1415926535
Time to calculate Pi serially with 100000000 steps is: 0.292567
Pi is 3.1415926536
Time to calculate Pi in // with 100000000 steps is: 0.00760401
Pi is 3.1415926536
Time to calculate Pi in // with 100000000 guesses is: 0.0100141
Pi is 3.1417272000
--- Run 12/20 ---
The first 10 digits of Pi are 3.1415926535
Time to calculate Pi serially with 100000000 steps is: 0.292734
Pi is 3.1415926536
Time to calculate Pi in // with 100000000 steps is: 0.00736868
Pi is 3.1415926536
Time to calculate Pi in // with 100000000 guesses is: 0.0119738
Pi is 3.1417020000
--- Run 13/20 ---
The first 10 digits of Pi are 3.1415926535
Time to calculate Pi serially with 100000000 steps is: 0.292866
Pi is 3.1415926536
Time to calculate Pi in // with 100000000 steps is: 0.0074724
Pi is 3.1415926536
Time to calculate Pi in // with 100000000 guesses is: 0.010013
Pi is 3.1416768400
--- Run 14/20 ---
The first 10 digits of Pi are 3.1415926535
Time to calculate Pi serially with 100000000 steps is: 0.292991
Pi is 3.1415926536
Time to calculate Pi in // with 100000000 steps is: 0.00704548
Pi is 3.1415926536
Time to calculate Pi in // with 100000000 guesses is: 0.0120038
Pi is 3.1416784400
--- Run 15/20 ---
The first 10 digits of Pi are 3.1415926535
Time to calculate Pi serially with 100000000 steps is: 0.292943
Pi is 3.1415926536
Time to calculate Pi in // with 100000000 steps is: 0.00712704
Pi is 3.1415926536
Time to calculate Pi in // with 100000000 guesses is: 0.0100425
Pi is 3.1416614800
--- Run 16/20 ---
The first 10 digits of Pi are 3.1415926535
Time to calculate Pi serially with 100000000 steps is: 0.293188
Pi is 3.1415926536
Time to calculate Pi in // with 100000000 steps is: 0.00714693
Pi is 3.1415926536
Time to calculate Pi in // with 100000000 guesses is: 0.0120315
Pi is 3.1416932000
--- Run 17/20 ---
The first 10 digits of Pi are 3.1415926535
Time to calculate Pi serially with 100000000 steps is: 0.292707
Pi is 3.1415926536
Time to calculate Pi in // with 100000000 steps is: 0.00723114
Pi is 3.1415926536
Time to calculate Pi in // with 100000000 guesses is: 0.0100283
Pi is 3.1417205200
--- Run 18/20 ---
The first 10 digits of Pi are 3.1415926535
Time to calculate Pi serially with 100000000 steps is: 0.292947
Pi is 3.1415926536
Time to calculate Pi in // with 100000000 steps is: 0.00731855
Pi is 3.1415926536
Time to calculate Pi in // with 100000000 guesses is: 0.0118845
Pi is 3.1417478000
--- Run 19/20 ---
The first 10 digits of Pi are 3.1415926535
Time to calculate Pi serially with 100000000 steps is: 0.292993
Pi is 3.1415926536
Time to calculate Pi in // with 100000000 steps is: 0.00717243
Pi is 3.1415926536
Time to calculate Pi in // with 100000000 guesses is: 0.0100135
Pi is 3.1417435600
--- Run 20/20 ---
The first 10 digits of Pi are 3.1415926535
Time to calculate Pi serially with 100000000 steps is: 0.292908
Pi is 3.1415926536
Time to calculate Pi in // with 100000000 steps is: 0.0073902
Pi is 3.1415926536
Time to calculate Pi in // with 100000000 guesses is: 0.0119615
Pi is 3.1417720800
