Starting serial experiment for 20 runs with 1000000000 steps/guesses.
Threads (OMP_NUM_THREADS): 128
--- Run 1/20 ---
The first 10 digits of Pi are 3.1415926535
Time to calculate Pi serially with 1000000000 steps is: 2.92232
Pi is 3.1415926536
Time to calculate Pi in // with 1000000000 steps is: 0.0282523
Pi is 3.1415926536
Time to calculate Pi in // with 1000000000 guesses is: 0.110685
Pi is 3.1415140360
--- Run 2/20 ---
The first 10 digits of Pi are 3.1415926535
Time to calculate Pi serially with 1000000000 steps is: 2.92303
Pi is 3.1415926536
Time to calculate Pi in // with 1000000000 steps is: 0.0303828
Pi is 3.1415926536
Time to calculate Pi in // with 1000000000 guesses is: 0.101697
Pi is 3.1415373400
--- Run 3/20 ---
The first 10 digits of Pi are 3.1415926535
Time to calculate Pi serially with 1000000000 steps is: 2.92189
Pi is 3.1415926536
Time to calculate Pi in // with 1000000000 steps is: 0.0280666
Pi is 3.1415926536
Time to calculate Pi in // with 1000000000 guesses is: 0.101623
Pi is 3.1415252880
--- Run 4/20 ---
The first 10 digits of Pi are 3.1415926535
Time to calculate Pi serially with 1000000000 steps is: 2.92275
Pi is 3.1415926536
Time to calculate Pi in // with 1000000000 steps is: 0.0280277
Pi is 3.1415926536
Time to calculate Pi in // with 1000000000 guesses is: 0.101506
Pi is 3.1414906840
--- Run 5/20 ---
The first 10 digits of Pi are 3.1415926535
Time to calculate Pi serially with 1000000000 steps is: 2.92308
Pi is 3.1415926536
Time to calculate Pi in // with 1000000000 steps is: 0.0300453
Pi is 3.1415926536
Time to calculate Pi in // with 1000000000 guesses is: 0.101312
Pi is 3.1415053120
--- Run 6/20 ---
The first 10 digits of Pi are 3.1415926535
Time to calculate Pi serially with 1000000000 steps is: 2.92297
Pi is 3.1415926536
Time to calculate Pi in // with 1000000000 steps is: 0.0298814
Pi is 3.1415926536
Time to calculate Pi in // with 1000000000 guesses is: 0.101351
Pi is 3.1415148840
--- Run 7/20 ---
The first 10 digits of Pi are 3.1415926535
Time to calculate Pi serially with 1000000000 steps is: 2.92294
Pi is 3.1415926536
Time to calculate Pi in // with 1000000000 steps is: 0.0296173
Pi is 3.1415926536
Time to calculate Pi in // with 1000000000 guesses is: 0.101376
Pi is 3.1415108880
--- Run 8/20 ---
The first 10 digits of Pi are 3.1415926535
Time to calculate Pi serially with 1000000000 steps is: 2.92337
Pi is 3.1415926536
Time to calculate Pi in // with 1000000000 steps is: 0.0282238
Pi is 3.1415926536
Time to calculate Pi in // with 1000000000 guesses is: 0.101477
Pi is 3.1415114160
--- Run 9/20 ---
The first 10 digits of Pi are 3.1415926535
Time to calculate Pi serially with 1000000000 steps is: 2.9237
Pi is 3.1415926536
Time to calculate Pi in // with 1000000000 steps is: 0.029924
Pi is 3.1415926536
Time to calculate Pi in // with 1000000000 guesses is: 0.101339
Pi is 3.1415103320
--- Run 10/20 ---
The first 10 digits of Pi are 3.1415926535
Time to calculate Pi serially with 1000000000 steps is: 2.92271
Pi is 3.1415926536
Time to calculate Pi in // with 1000000000 steps is: 0.0296661
Pi is 3.1415926536
Time to calculate Pi in // with 1000000000 guesses is: 0.101385
Pi is 3.1415397280
--- Run 11/20 ---
The first 10 digits of Pi are 3.1415926535
Time to calculate Pi serially with 1000000000 steps is: 2.92268
Pi is 3.1415926536
Time to calculate Pi in // with 1000000000 steps is: 0.0295837
Pi is 3.1415926536
Time to calculate Pi in // with 1000000000 guesses is: 0.101431
Pi is 3.1415240120
--- Run 12/20 ---
The first 10 digits of Pi are 3.1415926535
Time to calculate Pi serially with 1000000000 steps is: 2.92335
Pi is 3.1415926536
Time to calculate Pi in // with 1000000000 steps is: 0.0299515
Pi is 3.1415926536
Time to calculate Pi in // with 1000000000 guesses is: 0.101351
Pi is 3.1415212080
--- Run 13/20 ---
The first 10 digits of Pi are 3.1415926535
Time to calculate Pi serially with 1000000000 steps is: 2.92285
Pi is 3.1415926536
Time to calculate Pi in // with 1000000000 steps is: 0.0297447
Pi is 3.1415926536
Time to calculate Pi in // with 1000000000 guesses is: 0.101294
Pi is 3.1415385480
--- Run 14/20 ---
The first 10 digits of Pi are 3.1415926535
Time to calculate Pi serially with 1000000000 steps is: 2.92347
Pi is 3.1415926536
Time to calculate Pi in // with 1000000000 steps is: 0.0301219
Pi is 3.1415926536
Time to calculate Pi in // with 1000000000 guesses is: 0.101221
Pi is 3.1415309640
--- Run 15/20 ---
The first 10 digits of Pi are 3.1415926535
Time to calculate Pi serially with 1000000000 steps is: 2.95477
Pi is 3.1415926536
Time to calculate Pi in // with 1000000000 steps is: 0.0279947
Pi is 3.1415926536
Time to calculate Pi in // with 1000000000 guesses is: 0.101386
Pi is 3.1415661800
--- Run 16/20 ---
The first 10 digits of Pi are 3.1415926535
Time to calculate Pi serially with 1000000000 steps is: 2.9233
Pi is 3.1415926536
Time to calculate Pi in // with 1000000000 steps is: 0.0301688
Pi is 3.1415926536
Time to calculate Pi in // with 1000000000 guesses is: 0.101069
Pi is 3.1415853280
--- Run 17/20 ---
The first 10 digits of Pi are 3.1415926535
Time to calculate Pi serially with 1000000000 steps is: 2.92267
Pi is 3.1415926536
Time to calculate Pi in // with 1000000000 steps is: 0.029679
Pi is 3.1415926536
Time to calculate Pi in // with 1000000000 guesses is: 0.101089
Pi is 3.1415809480
--- Run 18/20 ---
The first 10 digits of Pi are 3.1415926535
Time to calculate Pi serially with 1000000000 steps is: 2.92264
Pi is 3.1415926536
Time to calculate Pi in // with 1000000000 steps is: 0.0295231
Pi is 3.1415926536
Time to calculate Pi in // with 1000000000 guesses is: 0.143639
Pi is 3.1415728520
--- Run 19/20 ---
The first 10 digits of Pi are 3.1415926535
Time to calculate Pi serially with 1000000000 steps is: 2.92341
Pi is 3.1415926536
Time to calculate Pi in // with 1000000000 steps is: 0.0298303
Pi is 3.1415926536
Time to calculate Pi in // with 1000000000 guesses is: 0.10094
Pi is 3.1415753880
--- Run 20/20 ---
The first 10 digits of Pi are 3.1415926535
Time to calculate Pi serially with 1000000000 steps is: 2.92343
Pi is 3.1415926536
Time to calculate Pi in // with 1000000000 steps is: 0.0280952
Pi is 3.1415926536
Time to calculate Pi in // with 1000000000 guesses is: 0.101097
Pi is 3.1415744920
