Starting serial experiment for 20 runs with 1000000000 steps/guesses.
Threads (OMP_NUM_THREADS): 16
--- Run 1/20 ---
The first 10 digits of Pi are 3.1415926535
Time to calculate Pi serially with 1000000000 steps is: 2.92184
Pi is 3.1415926536
Time to calculate Pi in // with 1000000000 steps is: 0.183736
Pi is 3.1415926536
Time to calculate Pi in // with 1000000000 guesses is: 0.784801
Pi is 3.1415878200
--- Run 2/20 ---
The first 10 digits of Pi are 3.1415926535
Time to calculate Pi serially with 1000000000 steps is: 2.92139
Pi is 3.1415926536
Time to calculate Pi in // with 1000000000 steps is: 0.183509
Pi is 3.1415926536
Time to calculate Pi in // with 1000000000 guesses is: 0.783633
Pi is 3.1416025120
--- Run 3/20 ---
The first 10 digits of Pi are 3.1415926535
Time to calculate Pi serially with 1000000000 steps is: 2.92128
Pi is 3.1415926536
Time to calculate Pi in // with 1000000000 steps is: 0.183831
Pi is 3.1415926536
Time to calculate Pi in // with 1000000000 guesses is: 0.783917
Pi is 3.1416100640
--- Run 4/20 ---
The first 10 digits of Pi are 3.1415926535
Time to calculate Pi serially with 1000000000 steps is: 2.92185
Pi is 3.1415926536
Time to calculate Pi in // with 1000000000 steps is: 0.1839
Pi is 3.1415926536
Time to calculate Pi in // with 1000000000 guesses is: 0.783425
Pi is 3.1415892800
--- Run 5/20 ---
The first 10 digits of Pi are 3.1415926535
Time to calculate Pi serially with 1000000000 steps is: 2.92175
Pi is 3.1415926536
Time to calculate Pi in // with 1000000000 steps is: 0.183618
Pi is 3.1415926536
Time to calculate Pi in // with 1000000000 guesses is: 0.783731
Pi is 3.1415770920
--- Run 6/20 ---
The first 10 digits of Pi are 3.1415926535
Time to calculate Pi serially with 1000000000 steps is: 2.92155
Pi is 3.1415926536
Time to calculate Pi in // with 1000000000 steps is: 0.183775
Pi is 3.1415926536
Time to calculate Pi in // with 1000000000 guesses is: 0.783662
Pi is 3.1415774320
--- Run 7/20 ---
The first 10 digits of Pi are 3.1415926535
Time to calculate Pi serially with 1000000000 steps is: 2.92143
Pi is 3.1415926536
Time to calculate Pi in // with 1000000000 steps is: 0.183718
Pi is 3.1415926536
Time to calculate Pi in // with 1000000000 guesses is: 0.783904
Pi is 3.1415916360
--- Run 8/20 ---
The first 10 digits of Pi are 3.1415926535
Time to calculate Pi serially with 1000000000 steps is: 2.92255
Pi is 3.1415926536
Time to calculate Pi in // with 1000000000 steps is: 0.183594
Pi is 3.1415926536
Time to calculate Pi in // with 1000000000 guesses is: 0.783606
Pi is 3.1416151680
--- Run 9/20 ---
The first 10 digits of Pi are 3.1415926535
Time to calculate Pi serially with 1000000000 steps is: 2.92209
Pi is 3.1415926536
Time to calculate Pi in // with 1000000000 steps is: 0.183683
Pi is 3.1415926536
Time to calculate Pi in // with 1000000000 guesses is: 0.784145
Pi is 3.1416026720
--- Run 10/20 ---
The first 10 digits of Pi are 3.1415926535
Time to calculate Pi serially with 1000000000 steps is: 2.92251
Pi is 3.1415926536
Time to calculate Pi in // with 1000000000 steps is: 0.183514
Pi is 3.1415926536
Time to calculate Pi in // with 1000000000 guesses is: 0.78349
Pi is 3.1416005800
--- Run 11/20 ---
The first 10 digits of Pi are 3.1415926535
Time to calculate Pi serially with 1000000000 steps is: 2.92201
Pi is 3.1415926536
Time to calculate Pi in // with 1000000000 steps is: 0.183586
Pi is 3.1415926536
Time to calculate Pi in // with 1000000000 guesses is: 0.783399
Pi is 3.1415551880
--- Run 12/20 ---
The first 10 digits of Pi are 3.1415926535
Time to calculate Pi serially with 1000000000 steps is: 2.92188
Pi is 3.1415926536
Time to calculate Pi in // with 1000000000 steps is: 0.184006
Pi is 3.1415926536
Time to calculate Pi in // with 1000000000 guesses is: 0.783866
Pi is 3.1415644480
--- Run 13/20 ---
The first 10 digits of Pi are 3.1415926535
Time to calculate Pi serially with 1000000000 steps is: 2.92244
Pi is 3.1415926536
Time to calculate Pi in // with 1000000000 steps is: 0.183567
Pi is 3.1415926536
Time to calculate Pi in // with 1000000000 guesses is: 0.784051
Pi is 3.1415683880
--- Run 14/20 ---
The first 10 digits of Pi are 3.1415926535
Time to calculate Pi serially with 1000000000 steps is: 2.922
Pi is 3.1415926536
Time to calculate Pi in // with 1000000000 steps is: 0.183679
Pi is 3.1415926536
Time to calculate Pi in // with 1000000000 guesses is: 0.784251
Pi is 3.1415804200
--- Run 15/20 ---
The first 10 digits of Pi are 3.1415926535
Time to calculate Pi serially with 1000000000 steps is: 2.92256
Pi is 3.1415926536
Time to calculate Pi in // with 1000000000 steps is: 0.183598
Pi is 3.1415926536
Time to calculate Pi in // with 1000000000 guesses is: 0.784277
Pi is 3.1415757360
--- Run 16/20 ---
The first 10 digits of Pi are 3.1415926535
Time to calculate Pi serially with 1000000000 steps is: 2.92257
Pi is 3.1415926536
Time to calculate Pi in // with 1000000000 steps is: 0.183749
Pi is 3.1415926536
Time to calculate Pi in // with 1000000000 guesses is: 0.783695
Pi is 3.1415740920
--- Run 17/20 ---
The first 10 digits of Pi are 3.1415926535
Time to calculate Pi serially with 1000000000 steps is: 2.9225
Pi is 3.1415926536
Time to calculate Pi in // with 1000000000 steps is: 0.183613
Pi is 3.1415926536
Time to calculate Pi in // with 1000000000 guesses is: 0.783701
Pi is 3.1415566520
--- Run 18/20 ---
The first 10 digits of Pi are 3.1415926535
Time to calculate Pi serially with 1000000000 steps is: 2.92214
Pi is 3.1415926536
Time to calculate Pi in // with 1000000000 steps is: 0.183473
Pi is 3.1415926536
Time to calculate Pi in // with 1000000000 guesses is: 0.78268
Pi is 3.1415642160
--- Run 19/20 ---
The first 10 digits of Pi are 3.1415926535
Time to calculate Pi serially with 1000000000 steps is: 2.92212
Pi is 3.1415926536
Time to calculate Pi in // with 1000000000 steps is: 0.18365
Pi is 3.1415926536
Time to calculate Pi in // with 1000000000 guesses is: 0.78293
Pi is 3.1415578920
--- Run 20/20 ---
The first 10 digits of Pi are 3.1415926535
Time to calculate Pi serially with 1000000000 steps is: 2.92205
Pi is 3.1415926536
Time to calculate Pi in // with 1000000000 steps is: 0.183495
Pi is 3.1415926536
Time to calculate Pi in // with 1000000000 guesses is: 0.782692
Pi is 3.1415698280
