Starting serial experiment for 20 runs with 2000000000 steps/guesses.
Threads (OMP_NUM_THREADS): 1
--- Run 1/20 ---
The first 10 digits of Pi are 3.1415926535
Time to calculate Pi serially with 2000000000 steps is: 7.01945
Pi is 3.1415926536
Time to calculate Pi in // with 2000000000 steps is: 7.06075
Pi is 3.1415926536
Time to calculate Pi in // with 2000000000 guesses is: 30.3269
Pi is 3.1415815480
--- Run 2/20 ---
The first 10 digits of Pi are 3.1415926535
Time to calculate Pi serially with 2000000000 steps is: 7.01331
Pi is 3.1415926536
Time to calculate Pi in // with 2000000000 steps is: 7.08065
Pi is 3.1415926536
Time to calculate Pi in // with 2000000000 guesses is: 30.4385
Pi is 3.1415912160
--- Run 3/20 ---
The first 10 digits of Pi are 3.1415926535
Time to calculate Pi serially with 2000000000 steps is: 7.13437
Pi is 3.1415926536
Time to calculate Pi in // with 2000000000 steps is: 7.10169
Pi is 3.1415926536
Time to calculate Pi in // with 2000000000 guesses is: 30.4876
Pi is 3.1415845040
--- Run 4/20 ---
The first 10 digits of Pi are 3.1415926535
Time to calculate Pi serially with 2000000000 steps is: 7.11212
Pi is 3.1415926536
Time to calculate Pi in // with 2000000000 steps is: 7.14743
Pi is 3.1415926536
Time to calculate Pi in // with 2000000000 guesses is: 30.4279
Pi is 3.1415841360
--- Run 5/20 ---
The first 10 digits of Pi are 3.1415926535
Time to calculate Pi serially with 2000000000 steps is: 7.16521
Pi is 3.1415926536
Time to calculate Pi in // with 2000000000 steps is: 7.12002
Pi is 3.1415926536
Time to calculate Pi in // with 2000000000 guesses is: 30.7141
Pi is 3.1415907180
--- Run 6/20 ---
The first 10 digits of Pi are 3.1415926535
Time to calculate Pi serially with 2000000000 steps is: 7.20071
Pi is 3.1415926536
Time to calculate Pi in // with 2000000000 steps is: 7.10421
Pi is 3.1415926536
Time to calculate Pi in // with 2000000000 guesses is: 30.6932
Pi is 3.1415915980
--- Run 7/20 ---
The first 10 digits of Pi are 3.1415926535
Time to calculate Pi serially with 2000000000 steps is: 7.17074
Pi is 3.1415926536
Time to calculate Pi in // with 2000000000 steps is: 7.20571
Pi is 3.1415926536
Time to calculate Pi in // with 2000000000 guesses is: 30.7717
Pi is 3.1415844820
--- Run 8/20 ---
The first 10 digits of Pi are 3.1415926535
Time to calculate Pi serially with 2000000000 steps is: 7.17085
Pi is 3.1415926536
Time to calculate Pi in // with 2000000000 steps is: 7.16146
Pi is 3.1415926536
Time to calculate Pi in // with 2000000000 guesses is: 30.5974
Pi is 3.1415895640
--- Run 9/20 ---
The first 10 digits of Pi are 3.1415926535
Time to calculate Pi serially with 2000000000 steps is: 7.05775
Pi is 3.1415926536
Time to calculate Pi in // with 2000000000 steps is: 7.13853
Pi is 3.1415926536
Time to calculate Pi in // with 2000000000 guesses is: 30.8045
Pi is 3.1415841580
--- Run 10/20 ---
The first 10 digits of Pi are 3.1415926535
Time to calculate Pi serially with 2000000000 steps is: 7.15481
Pi is 3.1415926536
Time to calculate Pi in // with 2000000000 steps is: 7.15414
Pi is 3.1415926536
Time to calculate Pi in // with 2000000000 guesses is: 30.9882
Pi is 3.1415904260
--- Run 11/20 ---
The first 10 digits of Pi are 3.1415926535
Time to calculate Pi serially with 2000000000 steps is: 7.24679
Pi is 3.1415926536
Time to calculate Pi in // with 2000000000 steps is: 7.18233
Pi is 3.1415926536
Time to calculate Pi in // with 2000000000 guesses is: 30.9681
Pi is 3.1415879260
--- Run 12/20 ---
The first 10 digits of Pi are 3.1415926535
Time to calculate Pi serially with 2000000000 steps is: 7.22074
Pi is 3.1415926536
Time to calculate Pi in // with 2000000000 steps is: 7.16354
Pi is 3.1415926536
Time to calculate Pi in // with 2000000000 guesses is: 31.1407
Pi is 3.1415867200
--- Run 13/20 ---
The first 10 digits of Pi are 3.1415926535
Time to calculate Pi serially with 2000000000 steps is: 7.21196
Pi is 3.1415926536
Time to calculate Pi in // with 2000000000 steps is: 7.16559
Pi is 3.1415926536
Time to calculate Pi in // with 2000000000 guesses is: 30.9603
Pi is 3.1415905020
--- Run 14/20 ---
The first 10 digits of Pi are 3.1415926535
Time to calculate Pi serially with 2000000000 steps is: 7.19358
Pi is 3.1415926536
Time to calculate Pi in // with 2000000000 steps is: 7.1813
Pi is 3.1415926536
Time to calculate Pi in // with 2000000000 guesses is: 31.1144
Pi is 3.1415866180
--- Run 15/20 ---
The first 10 digits of Pi are 3.1415926535
Time to calculate Pi serially with 2000000000 steps is: 7.26939
Pi is 3.1415926536
Time to calculate Pi in // with 2000000000 steps is: 7.223
Pi is 3.1415926536
Time to calculate Pi in // with 2000000000 guesses is: 30.9784
Pi is 3.1415890920
--- Run 16/20 ---
The first 10 digits of Pi are 3.1415926535
Time to calculate Pi serially with 2000000000 steps is: 7.25355
Pi is 3.1415926536
Time to calculate Pi in // with 2000000000 steps is: 7.20037
Pi is 3.1415926536
Time to calculate Pi in // with 2000000000 guesses is: 31.0358
Pi is 3.1415899020
--- Run 17/20 ---
The first 10 digits of Pi are 3.1415926535
Time to calculate Pi serially with 2000000000 steps is: 7.2522
Pi is 3.1415926536
Time to calculate Pi in // with 2000000000 steps is: 7.2099
Pi is 3.1415926536
Time to calculate Pi in // with 2000000000 guesses is: 30.9239
Pi is 3.1415872820
--- Run 18/20 ---
The first 10 digits of Pi are 3.1415926535
Time to calculate Pi serially with 2000000000 steps is: 7.20822
Pi is 3.1415926536
Time to calculate Pi in // with 2000000000 steps is: 7.16702
Pi is 3.1415926536
Time to calculate Pi in // with 2000000000 guesses is: 31.0474
Pi is 3.1415865280
--- Run 19/20 ---
The first 10 digits of Pi are 3.1415926535
Time to calculate Pi serially with 2000000000 steps is: 7.25381
Pi is 3.1415926536
Time to calculate Pi in // with 2000000000 steps is: 7.21807
Pi is 3.1415926536
Time to calculate Pi in // with 2000000000 guesses is: 30.946
Pi is 3.1415914240
--- Run 20/20 ---
