Starting serial experiment for 20 runs with 2000000000 steps/guesses.
Threads (OMP_NUM_THREADS): 16
--- Run 1/20 ---
The first 10 digits of Pi are 3.1415926535
Time to calculate Pi serially with 2000000000 steps is: 5.85477
Pi is 3.1415926536
Time to calculate Pi in // with 2000000000 steps is: 0.37164
Pi is 3.1415926536
Time to calculate Pi in // with 2000000000 guesses is: 1.61751
Pi is 3.1415879060
--- Run 2/20 ---
The first 10 digits of Pi are 3.1415926535
Time to calculate Pi serially with 2000000000 steps is: 5.84401
Pi is 3.1415926536
Time to calculate Pi in // with 2000000000 steps is: 0.378355
Pi is 3.1415926536
Time to calculate Pi in // with 2000000000 guesses is: 1.61326
Pi is 3.1415940160
--- Run 3/20 ---
The first 10 digits of Pi are 3.1415926535
Time to calculate Pi serially with 2000000000 steps is: 5.85325
Pi is 3.1415926536
Time to calculate Pi in // with 2000000000 steps is: 0.381245
Pi is 3.1415926536
Time to calculate Pi in // with 2000000000 guesses is: 1.64984
Pi is 3.1415930360
--- Run 4/20 ---
The first 10 digits of Pi are 3.1415926535
Time to calculate Pi serially with 2000000000 steps is: 5.84827
Pi is 3.1415926536
Time to calculate Pi in // with 2000000000 steps is: 0.366237
Pi is 3.1415926536
Time to calculate Pi in // with 2000000000 guesses is: 1.67759
Pi is 3.1415837760
--- Run 5/20 ---
The first 10 digits of Pi are 3.1415926535
Time to calculate Pi serially with 2000000000 steps is: 5.848
Pi is 3.1415926536
Time to calculate Pi in // with 2000000000 steps is: 0.370475
Pi is 3.1415926536
Time to calculate Pi in // with 2000000000 guesses is: 1.60607
Pi is 3.1415731000
--- Run 6/20 ---
The first 10 digits of Pi are 3.1415926535
Time to calculate Pi serially with 2000000000 steps is: 5.85044
Pi is 3.1415926536
Time to calculate Pi in // with 2000000000 steps is: 0.381434
Pi is 3.1415926536
Time to calculate Pi in // with 2000000000 guesses is: 1.62371
Pi is 3.1415745480
--- Run 7/20 ---
The first 10 digits of Pi are 3.1415926535
Time to calculate Pi serially with 2000000000 steps is: 5.84498
Pi is 3.1415926536
Time to calculate Pi in // with 2000000000 steps is: 0.383994
Pi is 3.1415926536
Time to calculate Pi in // with 2000000000 guesses is: 1.67202
Pi is 3.1415771220
--- Run 8/20 ---
The first 10 digits of Pi are 3.1415926535
Time to calculate Pi serially with 2000000000 steps is: 5.86262
Pi is 3.1415926536
Time to calculate Pi in // with 2000000000 steps is: 0.366038
Pi is 3.1415926536
Time to calculate Pi in // with 2000000000 guesses is: 1.6327
Pi is 3.1415941000
--- Run 9/20 ---
The first 10 digits of Pi are 3.1415926535
Time to calculate Pi serially with 2000000000 steps is: 5.84968
Pi is 3.1415926536
Time to calculate Pi in // with 2000000000 steps is: 0.381605
Pi is 3.1415926536
Time to calculate Pi in // with 2000000000 guesses is: 1.61035
Pi is 3.1415921220
--- Run 10/20 ---
The first 10 digits of Pi are 3.1415926535
Time to calculate Pi serially with 2000000000 steps is: 5.84638
Pi is 3.1415926536
Time to calculate Pi in // with 2000000000 steps is: 0.367639
Pi is 3.1415926536
Time to calculate Pi in // with 2000000000 guesses is: 1.62632
Pi is 3.1415809060
--- Run 11/20 ---
The first 10 digits of Pi are 3.1415926535
Time to calculate Pi serially with 2000000000 steps is: 5.85383
Pi is 3.1415926536
Time to calculate Pi in // with 2000000000 steps is: 0.39043
Pi is 3.1415926536
Time to calculate Pi in // with 2000000000 guesses is: 1.68197
Pi is 3.1415760860
--- Run 12/20 ---
The first 10 digits of Pi are 3.1415926535
Time to calculate Pi serially with 2000000000 steps is: 5.84572
Pi is 3.1415926536
Time to calculate Pi in // with 2000000000 steps is: 0.366419
Pi is 3.1415926536
Time to calculate Pi in // with 2000000000 guesses is: 1.6443
Pi is 3.1415973800
--- Run 13/20 ---
The first 10 digits of Pi are 3.1415926535
Time to calculate Pi serially with 2000000000 steps is: 5.85362
Pi is 3.1415926536
Time to calculate Pi in // with 2000000000 steps is: 0.374501
Pi is 3.1415926536
Time to calculate Pi in // with 2000000000 guesses is: 1.58942
Pi is 3.1415975440
--- Run 14/20 ---
The first 10 digits of Pi are 3.1415926535
Time to calculate Pi serially with 2000000000 steps is: 5.85056
Pi is 3.1415926536
Time to calculate Pi in // with 2000000000 steps is: 0.377252
Pi is 3.1415926536
Time to calculate Pi in // with 2000000000 guesses is: 1.63923
Pi is 3.1415749840
--- Run 15/20 ---
The first 10 digits of Pi are 3.1415926535
Time to calculate Pi serially with 2000000000 steps is: 5.84957
Pi is 3.1415926536
Time to calculate Pi in // with 2000000000 steps is: 0.37901
Pi is 3.1415926536
Time to calculate Pi in // with 2000000000 guesses is: 1.65641
Pi is 3.1416006140
--- Run 16/20 ---
The first 10 digits of Pi are 3.1415926535
Time to calculate Pi serially with 2000000000 steps is: 5.85967
Pi is 3.1415926536
Time to calculate Pi in // with 2000000000 steps is: 0.366951
Pi is 3.1415926536
Time to calculate Pi in // with 2000000000 guesses is: 1.64508
Pi is 3.1416048600
--- Run 17/20 ---
The first 10 digits of Pi are 3.1415926535
Time to calculate Pi serially with 2000000000 steps is: 5.84658
Pi is 3.1415926536
Time to calculate Pi in // with 2000000000 steps is: 0.381377
Pi is 3.1415926536
Time to calculate Pi in // with 2000000000 guesses is: 1.60353
Pi is 3.1415900980
--- Run 18/20 ---
The first 10 digits of Pi are 3.1415926535
Time to calculate Pi serially with 2000000000 steps is: 5.85875
Pi is 3.1415926536
Time to calculate Pi in // with 2000000000 steps is: 0.367862
Pi is 3.1415926536
Time to calculate Pi in // with 2000000000 guesses is: 1.62849
Pi is 3.1415916780
--- Run 19/20 ---
The first 10 digits of Pi are 3.1415926535
Time to calculate Pi serially with 2000000000 steps is: 5.84856
Pi is 3.1415926536
Time to calculate Pi in // with 2000000000 steps is: 0.386442
Pi is 3.1415926536
Time to calculate Pi in // with 2000000000 guesses is: 1.68199
Pi is 3.1415781540
--- Run 20/20 ---
The first 10 digits of Pi are 3.1415926535
Time to calculate Pi serially with 2000000000 steps is: 5.84719
Pi is 3.1415926536
Time to calculate Pi in // with 2000000000 steps is: 0.3665
Pi is 3.1415926536
Time to calculate Pi in // with 2000000000 guesses is: 1.63042
Pi is 3.1415731820
