Starting serial experiment for 20 runs with 2000000000 steps/guesses.
Threads (OMP_NUM_THREADS): 128
--- Run 1/20 ---
The first 10 digits of Pi are 3.1415926535
Time to calculate Pi serially with 2000000000 steps is: 5.84471
Pi is 3.1415926536
Time to calculate Pi in // with 2000000000 steps is: 0.0512495
Pi is 3.1415926536
Time to calculate Pi in // with 2000000000 guesses is: 0.196535
Pi is 3.1415838240
--- Run 2/20 ---
The first 10 digits of Pi are 3.1415926535
Time to calculate Pi serially with 2000000000 steps is: 5.84417
Pi is 3.1415926536
Time to calculate Pi in // with 2000000000 steps is: 0.0530832
Pi is 3.1415926536
Time to calculate Pi in // with 2000000000 guesses is: 0.196498
Pi is 3.1415867400
--- Run 3/20 ---
The first 10 digits of Pi are 3.1415926535
Time to calculate Pi serially with 2000000000 steps is: 5.84445
Pi is 3.1415926536
Time to calculate Pi in // with 2000000000 steps is: 0.0506992
Pi is 3.1415926536
Time to calculate Pi in // with 2000000000 guesses is: 0.196573
Pi is 3.1416078400
--- Run 4/20 ---
The first 10 digits of Pi are 3.1415926535
Time to calculate Pi serially with 2000000000 steps is: 5.84464
Pi is 3.1415926536
Time to calculate Pi in // with 2000000000 steps is: 0.0531054
Pi is 3.1415926536
Time to calculate Pi in // with 2000000000 guesses is: 0.196498
Pi is 3.1415943700
--- Run 5/20 ---
The first 10 digits of Pi are 3.1415926535
Time to calculate Pi serially with 2000000000 steps is: 5.84521
Pi is 3.1415926536
Time to calculate Pi in // with 2000000000 steps is: 0.0507953
Pi is 3.1415926536
Time to calculate Pi in // with 2000000000 guesses is: 0.198495
Pi is 3.1416017280
--- Run 6/20 ---
The first 10 digits of Pi are 3.1415926535
Time to calculate Pi serially with 2000000000 steps is: 5.84487
Pi is 3.1415926536
Time to calculate Pi in // with 2000000000 steps is: 0.0508825
Pi is 3.1415926536
Time to calculate Pi in // with 2000000000 guesses is: 0.196593
Pi is 3.1416008020
--- Run 7/20 ---
The first 10 digits of Pi are 3.1415926535
Time to calculate Pi serially with 2000000000 steps is: 5.84592
Pi is 3.1415926536
Time to calculate Pi in // with 2000000000 steps is: 0.051357
Pi is 3.1415926536
Time to calculate Pi in // with 2000000000 guesses is: 0.196552
Pi is 3.1416102960
--- Run 8/20 ---
The first 10 digits of Pi are 3.1415926535
Time to calculate Pi serially with 2000000000 steps is: 5.84569
Pi is 3.1415926536
Time to calculate Pi in // with 2000000000 steps is: 0.0537722
Pi is 3.1415926536
Time to calculate Pi in // with 2000000000 guesses is: 0.196426
Pi is 3.1416099480
--- Run 9/20 ---
The first 10 digits of Pi are 3.1415926535
Time to calculate Pi serially with 2000000000 steps is: 5.84711
Pi is 3.1415926536
Time to calculate Pi in // with 2000000000 steps is: 0.0511467
Pi is 3.1415926536
Time to calculate Pi in // with 2000000000 guesses is: 0.196488
Pi is 3.1416133060
--- Run 10/20 ---
The first 10 digits of Pi are 3.1415926535
Time to calculate Pi serially with 2000000000 steps is: 5.84517
Pi is 3.1415926536
Time to calculate Pi in // with 2000000000 steps is: 0.0511427
Pi is 3.1415926536
Time to calculate Pi in // with 2000000000 guesses is: 0.196452
Pi is 3.1416113000
--- Run 11/20 ---
The first 10 digits of Pi are 3.1415926535
Time to calculate Pi serially with 2000000000 steps is: 5.84604
Pi is 3.1415926536
Time to calculate Pi in // with 2000000000 steps is: 0.0531073
Pi is 3.1415926536
Time to calculate Pi in // with 2000000000 guesses is: 0.222742
Pi is 3.1416170980
--- Run 12/20 ---
The first 10 digits of Pi are 3.1415926535
Time to calculate Pi serially with 2000000000 steps is: 5.84778
Pi is 3.1415926536
Time to calculate Pi in // with 2000000000 steps is: 0.0517676
Pi is 3.1415926536
Time to calculate Pi in // with 2000000000 guesses is: 0.196726
Pi is 3.1416402820
--- Run 13/20 ---
The first 10 digits of Pi are 3.1415926535
Time to calculate Pi serially with 2000000000 steps is: 5.84546
Pi is 3.1415926536
Time to calculate Pi in // with 2000000000 steps is: 0.0510824
Pi is 3.1415926536
Time to calculate Pi in // with 2000000000 guesses is: 0.196285
Pi is 3.1416678680
--- Run 14/20 ---
The first 10 digits of Pi are 3.1415926535
Time to calculate Pi serially with 2000000000 steps is: 5.84614
Pi is 3.1415926536
Time to calculate Pi in // with 2000000000 steps is: 0.0513667
Pi is 3.1415926536
Time to calculate Pi in // with 2000000000 guesses is: 0.196505
Pi is 3.1416638760
--- Run 15/20 ---
The first 10 digits of Pi are 3.1415926535
Time to calculate Pi serially with 2000000000 steps is: 5.84567
Pi is 3.1415926536
Time to calculate Pi in // with 2000000000 steps is: 0.0532486
Pi is 3.1415926536
Time to calculate Pi in // with 2000000000 guesses is: 0.196412
Pi is 3.1416523520
--- Run 16/20 ---
The first 10 digits of Pi are 3.1415926535
Time to calculate Pi serially with 2000000000 steps is: 5.84651
Pi is 3.1415926536
Time to calculate Pi in // with 2000000000 steps is: 0.0529135
Pi is 3.1415926536
Time to calculate Pi in // with 2000000000 guesses is: 0.196616
Pi is 3.1416704580
--- Run 17/20 ---
The first 10 digits of Pi are 3.1415926535
Time to calculate Pi serially with 2000000000 steps is: 5.84653
Pi is 3.1415926536
Time to calculate Pi in // with 2000000000 steps is: 0.0510145
Pi is 3.1415926536
Time to calculate Pi in // with 2000000000 guesses is: 0.196402
Pi is 3.1416666680
--- Run 18/20 ---
The first 10 digits of Pi are 3.1415926535
Time to calculate Pi serially with 2000000000 steps is: 5.84657
Pi is 3.1415926536
Time to calculate Pi in // with 2000000000 steps is: 0.0531199
Pi is 3.1415926536
Time to calculate Pi in // with 2000000000 guesses is: 0.198193
Pi is 3.1416336720
--- Run 19/20 ---
The first 10 digits of Pi are 3.1415926535
Time to calculate Pi serially with 2000000000 steps is: 5.84535
Pi is 3.1415926536
Time to calculate Pi in // with 2000000000 steps is: 0.0951896
Pi is 3.1415926536
Time to calculate Pi in // with 2000000000 guesses is: 0.197438
Pi is 3.1416440240
--- Run 20/20 ---
The first 10 digits of Pi are 3.1415926535
Time to calculate Pi serially with 2000000000 steps is: 5.84568
Pi is 3.1415926536
Time to calculate Pi in // with 2000000000 steps is: 0.0529005
Pi is 3.1415926536
Time to calculate Pi in // with 2000000000 guesses is: 0.196558
Pi is 3.1416359440
