Starting serial experiment for 20 runs with 2000000000 steps/guesses.
Threads (OMP_NUM_THREADS): 4
--- Run 1/20 ---
The first 10 digits of Pi are 3.1415926535
Time to calculate Pi serially with 2000000000 steps is: 5.84533
Pi is 3.1415926536
Time to calculate Pi in // with 2000000000 steps is: 1.4632
Pi is 3.1415926536
Time to calculate Pi in // with 2000000000 guesses is: 6.2633
Pi is 3.1415853460
--- Run 2/20 ---
The first 10 digits of Pi are 3.1415926535
Time to calculate Pi serially with 2000000000 steps is: 5.84526
Pi is 3.1415926536
Time to calculate Pi in // with 2000000000 steps is: 1.4621
Pi is 3.1415926536
Time to calculate Pi in // with 2000000000 guesses is: 6.32861
Pi is 3.1415767360
--- Run 3/20 ---
The first 10 digits of Pi are 3.1415926535
Time to calculate Pi serially with 2000000000 steps is: 5.85622
Pi is 3.1415926536
Time to calculate Pi in // with 2000000000 steps is: 1.50945
Pi is 3.1415926536
Time to calculate Pi in // with 2000000000 guesses is: 6.27263
Pi is 3.1415838920
--- Run 4/20 ---
The first 10 digits of Pi are 3.1415926535
Time to calculate Pi serially with 2000000000 steps is: 5.93083
Pi is 3.1415926536
Time to calculate Pi in // with 2000000000 steps is: 1.46531
Pi is 3.1415926536
Time to calculate Pi in // with 2000000000 guesses is: 6.37868
Pi is 3.1415839680
--- Run 5/20 ---
The first 10 digits of Pi are 3.1415926535
Time to calculate Pi serially with 2000000000 steps is: 5.89305
Pi is 3.1415926536
Time to calculate Pi in // with 2000000000 steps is: 1.46249
Pi is 3.1415926536
Time to calculate Pi in // with 2000000000 guesses is: 6.33878
Pi is 3.1415835000
--- Run 6/20 ---
The first 10 digits of Pi are 3.1415926535
Time to calculate Pi serially with 2000000000 steps is: 5.85559
Pi is 3.1415926536
Time to calculate Pi in // with 2000000000 steps is: 1.55978
Pi is 3.1415926536
Time to calculate Pi in // with 2000000000 guesses is: 6.29745
Pi is 3.1415792700
--- Run 7/20 ---
The first 10 digits of Pi are 3.1415926535
Time to calculate Pi serially with 2000000000 steps is: 5.91226
Pi is 3.1415926536
Time to calculate Pi in // with 2000000000 steps is: 1.46225
Pi is 3.1415926536
Time to calculate Pi in // with 2000000000 guesses is: 6.33116
Pi is 3.1415953340
--- Run 8/20 ---
The first 10 digits of Pi are 3.1415926535
Time to calculate Pi serially with 2000000000 steps is: 5.90586
Pi is 3.1415926536
Time to calculate Pi in // with 2000000000 steps is: 1.46491
Pi is 3.1415926536
Time to calculate Pi in // with 2000000000 guesses is: 6.40799
Pi is 3.1415965780
--- Run 9/20 ---
The first 10 digits of Pi are 3.1415926535
Time to calculate Pi serially with 2000000000 steps is: 5.8504
Pi is 3.1415926536
Time to calculate Pi in // with 2000000000 steps is: 1.51442
Pi is 3.1415926536
Time to calculate Pi in // with 2000000000 guesses is: 6.30248
Pi is 3.1415860100
--- Run 10/20 ---
The first 10 digits of Pi are 3.1415926535
Time to calculate Pi serially with 2000000000 steps is: 5.87736
Pi is 3.1415926536
Time to calculate Pi in // with 2000000000 steps is: 1.46581
Pi is 3.1415926536
Time to calculate Pi in // with 2000000000 guesses is: 6.35321
Pi is 3.1415781800
--- Run 11/20 ---
The first 10 digits of Pi are 3.1415926535
Time to calculate Pi serially with 2000000000 steps is: 5.95063
Pi is 3.1415926536
Time to calculate Pi in // with 2000000000 steps is: 1.46308
Pi is 3.1415926536
Time to calculate Pi in // with 2000000000 guesses is: 6.35134
Pi is 3.1415801180
--- Run 12/20 ---
The first 10 digits of Pi are 3.1415926535
Time to calculate Pi serially with 2000000000 steps is: 5.84512
Pi is 3.1415926536
Time to calculate Pi in // with 2000000000 steps is: 1.49287
Pi is 3.1415926536
Time to calculate Pi in // with 2000000000 guesses is: 6.30138
Pi is 3.1415881440
--- Run 13/20 ---
The first 10 digits of Pi are 3.1415926535
Time to calculate Pi serially with 2000000000 steps is: 5.91502
Pi is 3.1415926536
Time to calculate Pi in // with 2000000000 steps is: 1.46421
Pi is 3.1415926536
Time to calculate Pi in // with 2000000000 guesses is: 6.40247
Pi is 3.1415798920
--- Run 14/20 ---
The first 10 digits of Pi are 3.1415926535
Time to calculate Pi serially with 2000000000 steps is: 5.9096
Pi is 3.1415926536
Time to calculate Pi in // with 2000000000 steps is: 1.4622
Pi is 3.1415926536
Time to calculate Pi in // with 2000000000 guesses is: 6.27228
Pi is 3.1415857220
--- Run 15/20 ---
The first 10 digits of Pi are 3.1415926535
Time to calculate Pi serially with 2000000000 steps is: 5.84619
Pi is 3.1415926536
Time to calculate Pi in // with 2000000000 steps is: 1.464
Pi is 3.1415926536
Time to calculate Pi in // with 2000000000 guesses is: 6.27236
Pi is 3.1415813460
--- Run 16/20 ---
The first 10 digits of Pi are 3.1415926535
Time to calculate Pi serially with 2000000000 steps is: 5.84385
Pi is 3.1415926536
Time to calculate Pi in // with 2000000000 steps is: 1.46308
Pi is 3.1415926536
Time to calculate Pi in // with 2000000000 guesses is: 6.26859
Pi is 3.1415990140
--- Run 17/20 ---
The first 10 digits of Pi are 3.1415926535
Time to calculate Pi serially with 2000000000 steps is: 5.84539
Pi is 3.1415926536
Time to calculate Pi in // with 2000000000 steps is: 1.46504
Pi is 3.1415926536
Time to calculate Pi in // with 2000000000 guesses is: 6.2676
Pi is 3.1415843720
--- Run 18/20 ---
The first 10 digits of Pi are 3.1415926535
Time to calculate Pi serially with 2000000000 steps is: 5.84441
Pi is 3.1415926536
Time to calculate Pi in // with 2000000000 steps is: 1.46293
Pi is 3.1415926536
Time to calculate Pi in // with 2000000000 guesses is: 6.26826
Pi is 3.1415906440
--- Run 19/20 ---
The first 10 digits of Pi are 3.1415926535
Time to calculate Pi serially with 2000000000 steps is: 5.84603
Pi is 3.1415926536
Time to calculate Pi in // with 2000000000 steps is: 1.46351
Pi is 3.1415926536
Time to calculate Pi in // with 2000000000 guesses is: 6.27205
Pi is 3.1415891620
--- Run 20/20 ---
The first 10 digits of Pi are 3.1415926535
Time to calculate Pi serially with 2000000000 steps is: 5.84631
Pi is 3.1415926536
Time to calculate Pi in // with 2000000000 steps is: 1.46406
Pi is 3.1415926536
Time to calculate Pi in // with 2000000000 guesses is: 6.27217
Pi is 3.1415803560
