Starting serial experiment for 20 runs with 2000000000 steps/guesses.
Threads (OMP_NUM_THREADS): 16
--- Run 1/20 ---
The first 10 digits of Pi are 3.1415926535
Time to calculate Pi serially with 2000000000 steps is: 5.85281
Pi is 3.1415926536
Time to calculate Pi in // with 2000000000 steps is: 0.367242
Pi is 3.1415926536
Time to calculate Pi in // with 2000000000 guesses is: 1.57156
Pi is 3.1415889940
--- Run 2/20 ---
The first 10 digits of Pi are 3.1415926535
Time to calculate Pi serially with 2000000000 steps is: 5.85583
Pi is 3.1415926536
Time to calculate Pi in // with 2000000000 steps is: 0.366764
Pi is 3.1415926536
Time to calculate Pi in // with 2000000000 guesses is: 1.56916
Pi is 3.1416035220
--- Run 3/20 ---
The first 10 digits of Pi are 3.1415926535
Time to calculate Pi serially with 2000000000 steps is: 5.86073
Pi is 3.1415926536
Time to calculate Pi in // with 2000000000 steps is: 0.385381
Pi is 3.1415926536
Time to calculate Pi in // with 2000000000 guesses is: 1.72432
Pi is 3.1416025240
--- Run 4/20 ---
The first 10 digits of Pi are 3.1415926535
Time to calculate Pi serially with 2000000000 steps is: 6.13839
Pi is 3.1415926536
Time to calculate Pi in // with 2000000000 steps is: 0.406726
Pi is 3.1415926536
Time to calculate Pi in // with 2000000000 guesses is: 1.77122
Pi is 3.1415906460
--- Run 5/20 ---
The first 10 digits of Pi are 3.1415926535
Time to calculate Pi serially with 2000000000 steps is: 6.00858
Pi is 3.1415926536
Time to calculate Pi in // with 2000000000 steps is: 0.386373
Pi is 3.1415926536
Time to calculate Pi in // with 2000000000 guesses is: 1.69736
Pi is 3.1415769540
--- Run 6/20 ---
The first 10 digits of Pi are 3.1415926535
Time to calculate Pi serially with 2000000000 steps is: 6.05319
Pi is 3.1415926536
Time to calculate Pi in // with 2000000000 steps is: 0.412411
Pi is 3.1415926536
Time to calculate Pi in // with 2000000000 guesses is: 1.76659
Pi is 3.1415883300
--- Run 7/20 ---
The first 10 digits of Pi are 3.1415926535
Time to calculate Pi serially with 2000000000 steps is: 6.12418
Pi is 3.1415926536
Time to calculate Pi in // with 2000000000 steps is: 0.393592
Pi is 3.1415926536
Time to calculate Pi in // with 2000000000 guesses is: 1.71395
Pi is 3.1415925120
--- Run 8/20 ---
The first 10 digits of Pi are 3.1415926535
Time to calculate Pi serially with 2000000000 steps is: 6.0724
Pi is 3.1415926536
Time to calculate Pi in // with 2000000000 steps is: 0.389839
Pi is 3.1415926536
Time to calculate Pi in // with 2000000000 guesses is: 1.72241
Pi is 3.1415999680
--- Run 9/20 ---
The first 10 digits of Pi are 3.1415926535
Time to calculate Pi serially with 2000000000 steps is: 6.10084
Pi is 3.1415926536
Time to calculate Pi in // with 2000000000 steps is: 0.395344
Pi is 3.1415926536
Time to calculate Pi in // with 2000000000 guesses is: 1.7213
Pi is 3.1415906200
--- Run 10/20 ---
The first 10 digits of Pi are 3.1415926535
Time to calculate Pi serially with 2000000000 steps is: 6.12628
Pi is 3.1415926536
Time to calculate Pi in // with 2000000000 steps is: 0.40223
Pi is 3.1415926536
Time to calculate Pi in // with 2000000000 guesses is: 1.72938
Pi is 3.1415870180
--- Run 11/20 ---
The first 10 digits of Pi are 3.1415926535
Time to calculate Pi serially with 2000000000 steps is: 6.12691
Pi is 3.1415926536
Time to calculate Pi in // with 2000000000 steps is: 0.404586
Pi is 3.1415926536
Time to calculate Pi in // with 2000000000 guesses is: 1.73554
Pi is 3.1415755260
--- Run 12/20 ---
The first 10 digits of Pi are 3.1415926535
Time to calculate Pi serially with 2000000000 steps is: 6.12782
Pi is 3.1415926536
Time to calculate Pi in // with 2000000000 steps is: 0.396913
Pi is 3.1415926536
Time to calculate Pi in // with 2000000000 guesses is: 1.7186
Pi is 3.1415859080
--- Run 13/20 ---
The first 10 digits of Pi are 3.1415926535
Time to calculate Pi serially with 2000000000 steps is: 6.16966
Pi is 3.1415926536
Time to calculate Pi in // with 2000000000 steps is: 0.397576
Pi is 3.1415926536
Time to calculate Pi in // with 2000000000 guesses is: 1.71553
Pi is 3.1415768260
--- Run 14/20 ---
The first 10 digits of Pi are 3.1415926535
Time to calculate Pi serially with 2000000000 steps is: 6.20828
Pi is 3.1415926536
Time to calculate Pi in // with 2000000000 steps is: 0.397829
Pi is 3.1415926536
Time to calculate Pi in // with 2000000000 guesses is: 1.75889
Pi is 3.1415725320
--- Run 15/20 ---
The first 10 digits of Pi are 3.1415926535
Time to calculate Pi serially with 2000000000 steps is: 6.19439
Pi is 3.1415926536
Time to calculate Pi in // with 2000000000 steps is: 0.397786
Pi is 3.1415926536
Time to calculate Pi in // with 2000000000 guesses is: 1.72012
Pi is 3.1415803700
--- Run 16/20 ---
The first 10 digits of Pi are 3.1415926535
Time to calculate Pi serially with 2000000000 steps is: 6.19624
Pi is 3.1415926536
Time to calculate Pi in // with 2000000000 steps is: 0.395682
Pi is 3.1415926536
Time to calculate Pi in // with 2000000000 guesses is: 1.72118
Pi is 3.1415953980
--- Run 17/20 ---
The first 10 digits of Pi are 3.1415926535
Time to calculate Pi serially with 2000000000 steps is: 6.2208
Pi is 3.1415926536
Time to calculate Pi in // with 2000000000 steps is: 0.398147
Pi is 3.1415926536
Time to calculate Pi in // with 2000000000 guesses is: 1.74355
Pi is 3.1415840180
--- Run 18/20 ---
The first 10 digits of Pi are 3.1415926535
Time to calculate Pi serially with 2000000000 steps is: 6.20873
Pi is 3.1415926536
Time to calculate Pi in // with 2000000000 steps is: 0.396787
Pi is 3.1415926536
Time to calculate Pi in // with 2000000000 guesses is: 1.74573
Pi is 3.1415886220
--- Run 19/20 ---
The first 10 digits of Pi are 3.1415926535
Time to calculate Pi serially with 2000000000 steps is: 6.24307
Pi is 3.1415926536
Time to calculate Pi in // with 2000000000 steps is: 0.39998
Pi is 3.1415926536
Time to calculate Pi in // with 2000000000 guesses is: 1.7659
Pi is 3.1415858600
--- Run 20/20 ---
The first 10 digits of Pi are 3.1415926535
Time to calculate Pi serially with 2000000000 steps is: 6.23926
Pi is 3.1415926536
Time to calculate Pi in // with 2000000000 steps is: 0.399827
Pi is 3.1415926536
Time to calculate Pi in // with 2000000000 guesses is: 1.76991
Pi is 3.1415794680
