-----------------------------------------------------
Matrix name:     cant/cant.mtx
Matrix size:     62451 x 62451 => 2034917
-----------------------------------------------------
Is matrix:       1
Is sparse:       1
-----------------------------------------------------
Is complex:      0
Is real:         1
Is integer:      0
Is pattern only: 0
-----------------------------------------------------
Is general:      0
Is symmetric:    1
Is skewed:       0
Is hermitian:    0
-----------------------------------------------------
Matrix file name: cant/cant.mtx ... file loaded.
Expanding symmetric matrix ... done
  Total # of non-zeros is 4007383
Converting COO to CSR...done
Vector file name: cant/b.mtx ... file loaded
Executing GPU CSR SpMV ... 
  Pinned Device to Host bandwidth (GB/s): 1.595443
  Pinned Device to Host bandwidth (GB/s): 4.639206
  Pinned Device to Host bandwidth (GB/s): 5.150984
  Pinned Device to Host bandwidth (GB/s): 7.653309
  Exec time (per itr): 0.00040533 s
  Pinned Host to Device bandwidth (GB/s): 1.846570
Executing GPU ELL SpMV ... 
  Pinned Device to Host bandwidth (GB/s): 17.515167
  Pinned Device to Host bandwidth (GB/s): 11.525160
  Pinned Device to Host bandwidth (GB/s): 7.593750
  Exec time (per itr): 0.00049149 s
  Pinned Host to Device bandwidth (GB/s): 1.162961
Calculating CPU CSR SpMV ... done
2-Norm between CPU and GPU answers: 1.768525e-10
Result file name: ./test.mtx ... file saved
Module		Time
Load		0.670161
Convert		0.026113
CPU SpMV	0.025713
GPU Alloc	3.695625
GPU SpMV	0.040550
GPU ELL SpMV	0.049165
Store		0.027544
