-----------------------------------------------------
Matrix name:     cant/cant.mtx
Matrix size:     62451 x 62451 => 2034917
-----------------------------------------------------
Is matrix:       1
Is sparse:       1
-----------------------------------------------------
Is complex:      0
Is real:         1
Is integer:      0
Is pattern only: 0
-----------------------------------------------------
Is general:      0
Is symmetric:    1
Is skewed:       0
Is hermitian:    0
-----------------------------------------------------
Matrix file name: cant/cant.mtx ... file loaded.
Expanding symmetric matrix ... done
  Total # of non-zeros is 4007383
Converting COO to CSR...done
Vector file name: cant/b.mtx ... file loaded
Executing GPU CSR SpMV ... 
  Pinned Device to Host bandwidth (GB/s): 1.541264
  Pinned Device to Host bandwidth (GB/s): 5.016653
  Pinned Device to Host bandwidth (GB/s): 4.527175
  Pinned Device to Host bandwidth (GB/s): 8.790963
  Exec time (per itr): 0.00065153 s
  Pinned Host to Device bandwidth (GB/s): 1.744831
Executing GPU ELL SpMV ... 
  Pinned Device to Host bandwidth (GB/s): 17.930364
  Pinned Device to Host bandwidth (GB/s): 5.575803
  Pinned Device to Host bandwidth (GB/s): 7.713809
  Exec time (per itr): 0.00049024 s
  Pinned Host to Device bandwidth (GB/s): 1.702776
Calculating CPU CSR SpMV ... done
2-Norm between CPU and GPU answers: 1.768525e-10
Result file name: ./test.mtx ... file saved
Module		Time
Load		0.605188
Convert		0.030906
CPU SpMV	0.022031
GPU Alloc	0.236214
GPU SpMV	0.065171
GPU ELL SpMV	0.049047
Store		0.027107
