-----------------------------------------------------
Matrix name:     cant/cant.mtx
Matrix size:     62451 x 62451 => 2034917
-----------------------------------------------------
Is matrix:       1
Is sparse:       1
-----------------------------------------------------
Is complex:      0
Is real:         1
Is integer:      0
Is pattern only: 0
-----------------------------------------------------
Is general:      0
Is symmetric:    1
Is skewed:       0
Is hermitian:    0
-----------------------------------------------------
Matrix file name: cant/cant.mtx ... file loaded.
Expanding symmetric matrix ... done
  Total # of non-zeros is 4007383
Converting COO to CSR...done
Vector file name: cant/b.mtx ... file loaded
Executing GPU CSR SpMV ... 
  Pinned Device to Host bandwidth (GB/s): 1.574209
  Pinned Device to Host bandwidth (GB/s): 5.009129
  Pinned Device to Host bandwidth (GB/s): 4.530246
  Pinned Device to Host bandwidth (GB/s): 7.706194
  Exec time (per itr): 0.00040677 s
  Pinned Host to Device bandwidth (GB/s): 1.688595
Executing GPU ELL SpMV ... 
  Pinned Device to Host bandwidth (GB/s): 17.878244
  Pinned Device to Host bandwidth (GB/s): 11.382852
  Pinned Device to Host bandwidth (GB/s): 7.593750
  Exec time (per itr): 0.00048979 s
  Pinned Host to Device bandwidth (GB/s): 1.093866
Calculating CPU CSR SpMV ... done
2-Norm between CPU and GPU answers: 1.768525e-10
Result file name: ./test.mtx ... file saved
Module		Time
Load		0.683674
Convert		0.040776
CPU SpMV	0.025224
GPU Alloc	0.240407
GPU SpMV	0.040701
GPU ELL SpMV	0.049009
Store		0.027544
