-----------------------------------------------------
Matrix name:     cant/cant.mtx
Matrix size:     62451 x 62451 => 2034917
-----------------------------------------------------
Is matrix:       1
Is sparse:       1
-----------------------------------------------------
Is complex:      0
Is real:         1
Is integer:      0
Is pattern only: 0
-----------------------------------------------------
Is general:      0
Is symmetric:    1
Is skewed:       0
Is hermitian:    0
-----------------------------------------------------
Matrix file name: cant/cant.mtx ... file loaded.
Expanding symmetric matrix ... done
  Total # of non-zeros is 4007383
Converting COO to CSR...done
Vector file name: cant/b.mtx ... file loaded
Executing GPU CSR SpMV ... 
  Pinned Device to Host bandwidth (GB/s): 1.493210
  Pinned Device to Host bandwidth (GB/s): 5.019720
  Pinned Device to Host bandwidth (GB/s): 5.192417
  Pinned Device to Host bandwidth (GB/s): 7.698594
  Exec time (per itr): 0.00127685 s
  Pinned Host to Device bandwidth (GB/s): 1.116952
Executing GPU ELL SpMV ... 
  Pinned Device to Host bandwidth (GB/s): 4.796619
  Pinned Device to Host bandwidth (GB/s): 5.546876
  Pinned Device to Host bandwidth (GB/s): 7.683440
  Exec time (per itr): 0.00048880 s
  Pinned Host to Device bandwidth (GB/s): 1.758391
Calculating CPU CSR SpMV ... done
2-Norm between CPU and GPU answers: 1.768525e-10
Result file name: ./test.mtx ... file saved
Module		Time
Load		0.613778
Convert		0.039706
CPU SpMV	0.021554
GPU Alloc	0.245835
GPU SpMV	0.127703
GPU ELL SpMV	0.048907
Store		0.027161
